{"/home/travis/build/npmtest/node-npmtest-letsencrypt/test.js":{"path":"/home/travis/build/npmtest/node-npmtest-letsencrypt/test.js","s":{"1":2,"2":2,"3":2,"4":2,"5":2,"6":2,"7":2,"8":1,"9":2,"10":2,"11":1,"12":1,"13":1,"14":1,"15":2,"16":2,"17":2,"18":2,"19":1,"20":1,"21":2,"22":2,"23":2,"24":1,"25":1,"26":1,"27":1,"28":1,"29":1,"30":1,"31":1,"32":1,"33":1,"34":1,"35":1,"36":1,"37":1,"38":1,"39":2,"40":2,"41":1,"42":2,"43":2,"44":1,"45":2,"46":2,"47":1,"48":2,"49":2,"50":1,"51":1,"52":1,"53":1,"54":1},"b":{"1":[2,1,1,1],"2":[1,1,1,1],"3":[1,1],"4":[1,1],"5":[1,1],"6":[1,1],"7":[1,1],"8":[1,1],"9":[1,1],"10":[1,1,1],"11":[1,1],"12":[1,1],"13":[1,1],"14":[1,1],"15":[1,1],"16":[1,1],"17":[1,1]},"f":{"1":2,"2":2,"3":2,"4":2,"5":2,"6":1,"7":1,"8":1,"9":2,"10":2,"11":2,"12":2,"13":1},"fnMap":{"1":{"name":"(anonymous_1)","line":12,"loc":{"start":{"line":12,"column":1},"end":{"line":12,"column":13}}},"2":{"name":"(anonymous_2)","line":19,"loc":{"start":{"line":19,"column":5},"end":{"line":19,"column":17}}},"3":{"name":"(anonymous_3)","line":23,"loc":{"start":{"line":23,"column":24},"end":{"line":23,"column":36}}},"4":{"name":"(anonymous_4)","line":61,"loc":{"start":{"line":61,"column":5},"end":{"line":61,"column":17}}},"5":{"name":"(anonymous_5)","line":82,"loc":{"start":{"line":82,"column":5},"end":{"line":82,"column":17}}},"6":{"name":"(anonymous_6)","line":91,"loc":{"start":{"line":91,"column":77},"end":{"line":94,"column":10}}},"7":{"name":"(anonymous_7)","line":112,"loc":{"start":{"line":112,"column":83},"end":{"line":115,"column":10}},"skip":true},"8":{"name":"(anonymous_8)","line":123,"loc":{"start":{"line":123,"column":77},"end":{"line":126,"column":10}},"skip":true},"9":{"name":"(anonymous_9)","line":139,"loc":{"start":{"line":139,"column":12},"end":{"line":139,"column":40}},"skip":true},"10":{"name":"(anonymous_10)","line":147,"loc":{"start":{"line":147,"column":77},"end":{"line":150,"column":10}},"skip":true},"11":{"name":"(anonymous_11)","line":158,"loc":{"start":{"line":158,"column":83},"end":{"line":161,"column":10}},"skip":true},"12":{"name":"(anonymous_12)","line":169,"loc":{"start":{"line":169,"column":79},"end":{"line":172,"column":10}},"skip":true},"13":{"name":"(anonymous_13)","line":180,"loc":{"start":{"line":180,"column":75},"end":{"line":183,"column":10}},"skip":true}},"statementMap":{"1":{"start":{"line":12,"column":0},"end":{"line":195,"column":5}},"2":{"start":{"line":14,"column":4},"end":{"line":14,"column":14}},"3":{"start":{"line":19,"column":4},"end":{"line":56,"column":9}},"4":{"start":{"line":21,"column":8},"end":{"line":21,"column":19}},"5":{"start":{"line":23,"column":8},"end":{"line":35,"column":13}},"6":{"start":{"line":24,"column":12},"end":{"line":34,"column":13}},"7":{"start":{"line":25,"column":16},"end":{"line":28,"column":30}},"8":{"start":{"line":30,"column":16},"end":{"line":33,"column":27}},"9":{"start":{"line":37,"column":8},"end":{"line":39,"column":21}},"10":{"start":{"line":40,"column":8},"end":{"line":53,"column":9}},"11":{"start":{"line":43,"column":12},"end":{"line":46,"column":14}},"12":{"start":{"line":47,"column":12},"end":{"line":47,"column":18}},"13":{"start":{"line":50,"column":12},"end":{"line":51,"column":46}},"14":{"start":{"line":52,"column":12},"end":{"line":52,"column":18}},"15":{"start":{"line":55,"column":8},"end":{"line":55,"column":35}},"16":{"start":{"line":61,"column":4},"end":{"line":63,"column":9}},"17":{"start":{"line":62,"column":8},"end":{"line":62,"column":15}},"18":{"start":{"line":64,"column":4},"end":{"line":77,"column":5}},"19":{"start":{"line":70,"column":8},"end":{"line":70,"column":14}},"20":{"start":{"line":76,"column":8},"end":{"line":76,"column":14}},"21":{"start":{"line":82,"column":4},"end":{"line":84,"column":9}},"22":{"start":{"line":83,"column":8},"end":{"line":83,"column":15}},"23":{"start":{"line":85,"column":4},"end":{"line":194,"column":5}},"24":{"start":{"line":91,"column":8},"end":{"line":99,"column":10}},"25":{"start":{"line":98,"column":12},"end":{"line":98,"column":35}},"26":{"start":{"line":102,"column":8},"end":{"line":104,"column":63}},"27":{"start":{"line":105,"column":8},"end":{"line":105,"column":14}},"28":{"start":{"line":112,"column":8},"end":{"line":121,"column":10},"skip":true},"29":{"start":{"line":119,"column":12},"end":{"line":119,"column":55},"skip":true},"30":{"start":{"line":120,"column":12},"end":{"line":120,"column":48},"skip":true},"31":{"start":{"line":123,"column":8},"end":{"line":136,"column":10},"skip":true},"32":{"start":{"line":130,"column":12},"end":{"line":130,"column":76},"skip":true},"33":{"start":{"line":131,"column":12},"end":{"line":131,"column":73},"skip":true},"34":{"start":{"line":132,"column":12},"end":{"line":132,"column":74},"skip":true},"35":{"start":{"line":133,"column":12},"end":{"line":133,"column":79},"skip":true},"36":{"start":{"line":134,"column":12},"end":{"line":134,"column":25},"skip":true},"37":{"start":{"line":135,"column":12},"end":{"line":135,"column":45},"skip":true},"38":{"start":{"line":138,"column":8},"end":{"line":145,"column":14},"skip":true},"39":{"start":{"line":143,"column":16},"end":{"line":143,"column":29},"skip":true},"40":{"start":{"line":144,"column":16},"end":{"line":144,"column":55},"skip":true},"41":{"start":{"line":147,"column":8},"end":{"line":156,"column":10},"skip":true},"42":{"start":{"line":154,"column":12},"end":{"line":154,"column":25},"skip":true},"43":{"start":{"line":155,"column":12},"end":{"line":155,"column":45},"skip":true},"44":{"start":{"line":158,"column":8},"end":{"line":167,"column":10},"skip":true},"45":{"start":{"line":165,"column":12},"end":{"line":165,"column":25},"skip":true},"46":{"start":{"line":166,"column":12},"end":{"line":166,"column":48},"skip":true},"47":{"start":{"line":169,"column":8},"end":{"line":178,"column":10},"skip":true},"48":{"start":{"line":176,"column":12},"end":{"line":176,"column":25},"skip":true},"49":{"start":{"line":177,"column":12},"end":{"line":177,"column":46},"skip":true},"50":{"start":{"line":180,"column":8},"end":{"line":189,"column":10},"skip":true},"51":{"start":{"line":187,"column":12},"end":{"line":187,"column":94},"skip":true},"52":{"start":{"line":188,"column":12},"end":{"line":188,"column":48},"skip":true},"53":{"start":{"line":192,"column":8},"end":{"line":192,"column":35},"skip":true},"54":{"start":{"line":193,"column":8},"end":{"line":193,"column":14},"skip":true}},"branchMap":{"1":{"line":25,"type":"binary-expr","locations":[{"start":{"line":25,"column":23},"end":{"line":25,"column":62}},{"start":{"line":26,"column":20},"end":{"line":26,"column":70}},{"start":{"line":27,"column":20},"end":{"line":27,"column":71}},{"start":{"line":28,"column":20},"end":{"line":28,"column":29}}]},"2":{"line":30,"type":"binary-expr","locations":[{"start":{"line":30,"column":23},"end":{"line":30,"column":37}},{"start":{"line":31,"column":20},"end":{"line":31,"column":61}},{"start":{"line":32,"column":20},"end":{"line":32,"column":70}},{"start":{"line":33,"column":20},"end":{"line":33,"column":26}}]},"3":{"line":37,"type":"cond-expr","locations":[{"start":{"line":38,"column":14},"end":{"line":38,"column":20}},{"start":{"line":39,"column":14},"end":{"line":39,"column":20}}]},"4":{"line":40,"type":"switch","locations":[{"start":{"line":42,"column":8},"end":{"line":47,"column":18}},{"start":{"line":49,"column":8},"end":{"line":52,"column":18}}]},"5":{"line":44,"type":"binary-expr","locations":[{"start":{"line":44,"column":16},"end":{"line":44,"column":44}},{"start":{"line":44,"column":48},"end":{"line":44,"column":66}}]},"6":{"line":50,"type":"binary-expr","locations":[{"start":{"line":50,"column":21},"end":{"line":50,"column":49}},{"start":{"line":50,"column":53},"end":{"line":50,"column":72}}]},"7":{"line":64,"type":"switch","locations":[{"start":{"line":69,"column":4},"end":{"line":70,"column":14}},{"start":{"line":75,"column":4},"end":{"line":76,"column":14}}]},"8":{"line":85,"type":"switch","locations":[{"start":{"line":90,"column":4},"end":{"line":105,"column":14}},{"start":{"line":111,"column":4},"end":{"line":193,"column":14},"skip":true}]},"9":{"line":91,"type":"binary-expr","locations":[{"start":{"line":91,"column":42},"end":{"line":91,"column":73}},{"start":{"line":91,"column":77},"end":{"line":99,"column":9}}]},"10":{"line":102,"type":"binary-expr","locations":[{"start":{"line":102,"column":18},"end":{"line":102,"column":32}},{"start":{"line":103,"column":12},"end":{"line":103,"column":53}},{"start":{"line":104,"column":12},"end":{"line":104,"column":61}}]},"11":{"line":112,"type":"binary-expr","locations":[{"start":{"line":112,"column":45},"end":{"line":112,"column":79},"skip":true},{"start":{"line":112,"column":83},"end":{"line":121,"column":9},"skip":true}]},"12":{"line":123,"type":"binary-expr","locations":[{"start":{"line":123,"column":42},"end":{"line":123,"column":73},"skip":true},{"start":{"line":123,"column":77},"end":{"line":136,"column":9},"skip":true}]},"13":{"line":138,"type":"binary-expr","locations":[{"start":{"line":138,"column":48},"end":{"line":138,"column":85},"skip":true},{"start":{"line":139,"column":12},"end":{"line":145,"column":13},"skip":true}]},"14":{"line":147,"type":"binary-expr","locations":[{"start":{"line":147,"column":42},"end":{"line":147,"column":73},"skip":true},{"start":{"line":147,"column":77},"end":{"line":156,"column":9},"skip":true}]},"15":{"line":158,"type":"binary-expr","locations":[{"start":{"line":158,"column":45},"end":{"line":158,"column":79},"skip":true},{"start":{"line":158,"column":83},"end":{"line":167,"column":9},"skip":true}]},"16":{"line":169,"type":"binary-expr","locations":[{"start":{"line":169,"column":43},"end":{"line":169,"column":75},"skip":true},{"start":{"line":169,"column":79},"end":{"line":178,"column":9},"skip":true}]},"17":{"line":180,"type":"binary-expr","locations":[{"start":{"line":180,"column":41},"end":{"line":180,"column":71},"skip":true},{"start":{"line":180,"column":75},"end":{"line":189,"column":9},"skip":true}]}},"code":["/* istanbul instrument in package npmtest_letsencrypt */","/*jslint","    bitwise: true,","    browser: true,","    maxerr: 8,","    maxlen: 96,","    node: true,","    nomen: true,","    regexp: true,","    stupid: true","*/","(function () {","    'use strict';","    var local;","","","","    // run shared js-env code - pre-init","    (function () {","        // init local","        local = {};","        // init modeJs","        local.modeJs = (function () {","            try {","                return typeof navigator.userAgent === 'string' &&","                    typeof document.querySelector('body') === 'object' &&","                    typeof XMLHttpRequest.prototype.open === 'function' &&","                    'browser';","            } catch (errorCaughtBrowser) {","                return module.exports &&","                    typeof process.versions.node === 'string' &&","                    typeof require('http').createServer === 'function' &&","                    'node';","            }","        }());","        // init global","        local.global = local.modeJs === 'browser'","            ? window","            : global;","        switch (local.modeJs) {","        // re-init local from window.local","        case 'browser':","            local = local.global.utility2.objectSetDefault(","                local.global.utility2_rollup || local.global.local,","                local.global.utility2","            );","            break;","        // re-init local from example.js","        case 'node':","            local = (local.global.utility2_rollup || require('utility2'))","                .requireExampleJsFromReadme();","            break;","        }","        // export local","        local.global.local = local;","    }());","","","","    // run shared js-env code - function","    (function () {","        return;","    }());","    switch (local.modeJs) {","","","","    // run browser js-env code - function","    case 'browser':","        break;","","","","    // run node js-env code - function","    case 'node':","        break;","    }","","","","    // run shared js-env code - post-init","    (function () {","        return;","    }());","    switch (local.modeJs) {","","","","    // run browser js-env code - post-init","    case 'browser':","        local.testCase_browser_nullCase = local.testCase_browser_nullCase || function (","            options,","            onError","        ) {","        /*","         * this function will test browsers's null-case handling-behavior-behavior","         */","            onError(null, options);","        };","","        // run tests","        local.nop(local.modeTest &&","            document.querySelector('#testRunButton1') &&","            document.querySelector('#testRunButton1').click());","        break;","","","","    // run node js-env code - post-init","    /* istanbul ignore next */","    case 'node':","        local.testCase_buildApidoc_default = local.testCase_buildApidoc_default || function (","            options,","            onError","        ) {","        /*","         * this function will test buildApidoc's default handling-behavior-behavior","         */","            options = { modulePathList: module.paths };","            local.buildApidoc(options, onError);","        };","","        local.testCase_buildApp_default = local.testCase_buildApp_default || function (","            options,","            onError","        ) {","        /*","         * this function will test buildApp's default handling-behavior-behavior","         */","            local.testCase_buildReadme_default(options, local.onErrorThrow);","            local.testCase_buildLib_default(options, local.onErrorThrow);","            local.testCase_buildTest_default(options, local.onErrorThrow);","            local.testCase_buildCustomOrg_default(options, local.onErrorThrow);","            options = [];","            local.buildApp(options, onError);","        };","","        local.testCase_buildCustomOrg_default = local.testCase_buildCustomOrg_default ||","            function (options, onError) {","            /*","             * this function will test buildCustomOrg's default handling-behavior","             */","                options = {};","                local.buildCustomOrg(options, onError);","            };","","        local.testCase_buildLib_default = local.testCase_buildLib_default || function (","            options,","            onError","        ) {","        /*","         * this function will test buildLib's default handling-behavior","         */","            options = {};","            local.buildLib(options, onError);","        };","","        local.testCase_buildReadme_default = local.testCase_buildReadme_default || function (","            options,","            onError","        ) {","        /*","         * this function will test buildReadme's default handling-behavior-behavior","         */","            options = {};","            local.buildReadme(options, onError);","        };","","        local.testCase_buildTest_default = local.testCase_buildTest_default || function (","            options,","            onError","        ) {","        /*","         * this function will test buildTest's default handling-behavior","         */","            options = {};","            local.buildTest(options, onError);","        };","","        local.testCase_webpage_default = local.testCase_webpage_default || function (","            options,","            onError","        ) {","        /*","         * this function will test webpage's default handling-behavior","         */","            options = { modeCoverageMerge: true, url: local.serverLocalHost + '?modeTest=1' };","            local.browserTest(options, onError);","        };","","        // run test-server","        local.testRunServer(local);","        break;","    }","}());",""],"l":{"12":2,"14":2,"19":2,"21":2,"23":2,"24":2,"25":2,"30":1,"37":2,"40":2,"43":1,"47":1,"50":1,"52":1,"55":2,"61":2,"62":2,"64":2,"70":1,"76":1,"82":2,"83":2,"85":2,"91":1,"98":1,"102":1,"105":1,"112":1,"119":1,"120":1,"123":1,"130":1,"131":1,"132":1,"133":1,"134":1,"135":1,"138":1,"143":2,"144":2,"147":1,"154":2,"155":2,"158":1,"165":2,"166":2,"169":1,"176":2,"177":2,"180":1,"187":1,"188":1,"192":1,"193":1}},"/home/travis/build/npmtest/node-npmtest-letsencrypt/lib.npmtest_letsencrypt.js":{"path":"/home/travis/build/npmtest/node-npmtest-letsencrypt/lib.npmtest_letsencrypt.js","s":{"1":2,"2":2,"3":2,"4":2,"5":2,"6":2,"7":2,"8":1,"9":2,"10":2,"11":2,"12":2,"13":1,"14":1,"15":1,"16":1},"b":{"1":[2,1,1,1],"2":[1,1,1,1],"3":[1,1],"4":[2,2],"5":[1,1]},"f":{"1":2,"2":2,"3":2},"fnMap":{"1":{"name":"(anonymous_1)","line":12,"loc":{"start":{"line":12,"column":1},"end":{"line":12,"column":13}}},"2":{"name":"(anonymous_2)","line":19,"loc":{"start":{"line":19,"column":5},"end":{"line":19,"column":17}}},"3":{"name":"(anonymous_3)","line":23,"loc":{"start":{"line":23,"column":24},"end":{"line":23,"column":36}}}},"statementMap":{"1":{"start":{"line":12,"column":0},"end":{"line":53,"column":5}},"2":{"start":{"line":14,"column":4},"end":{"line":14,"column":14}},"3":{"start":{"line":19,"column":4},"end":{"line":52,"column":9}},"4":{"start":{"line":21,"column":8},"end":{"line":21,"column":19}},"5":{"start":{"line":23,"column":8},"end":{"line":35,"column":13}},"6":{"start":{"line":24,"column":12},"end":{"line":34,"column":13}},"7":{"start":{"line":25,"column":16},"end":{"line":28,"column":30}},"8":{"start":{"line":30,"column":16},"end":{"line":33,"column":27}},"9":{"start":{"line":37,"column":8},"end":{"line":39,"column":21}},"10":{"start":{"line":41,"column":8},"end":{"line":41,"column":54}},"11":{"start":{"line":43,"column":8},"end":{"line":43,"column":56}},"12":{"start":{"line":45,"column":8},"end":{"line":51,"column":9}},"13":{"start":{"line":46,"column":12},"end":{"line":46,"column":62}},"14":{"start":{"line":48,"column":12},"end":{"line":48,"column":35}},"15":{"start":{"line":49,"column":12},"end":{"line":49,"column":49}},"16":{"start":{"line":50,"column":12},"end":{"line":50,"column":43}}},"branchMap":{"1":{"line":25,"type":"binary-expr","locations":[{"start":{"line":25,"column":23},"end":{"line":25,"column":62}},{"start":{"line":26,"column":20},"end":{"line":26,"column":70}},{"start":{"line":27,"column":20},"end":{"line":27,"column":71}},{"start":{"line":28,"column":20},"end":{"line":28,"column":29}}]},"2":{"line":30,"type":"binary-expr","locations":[{"start":{"line":30,"column":23},"end":{"line":30,"column":37}},{"start":{"line":31,"column":20},"end":{"line":31,"column":61}},{"start":{"line":32,"column":20},"end":{"line":32,"column":70}},{"start":{"line":33,"column":20},"end":{"line":33,"column":26}}]},"3":{"line":37,"type":"cond-expr","locations":[{"start":{"line":38,"column":14},"end":{"line":38,"column":20}},{"start":{"line":39,"column":14},"end":{"line":39,"column":20}}]},"4":{"line":41,"type":"binary-expr","locations":[{"start":{"line":41,"column":16},"end":{"line":41,"column":44}},{"start":{"line":41,"column":48},"end":{"line":41,"column":53}}]},"5":{"line":45,"type":"if","locations":[{"start":{"line":45,"column":8},"end":{"line":45,"column":8}},{"start":{"line":45,"column":8},"end":{"line":45,"column":8}}]}},"code":["/* istanbul instrument in package npmtest_letsencrypt */","/*jslint","    bitwise: true,","    browser: true,","    maxerr: 8,","    maxlen: 96,","    node: true,","    nomen: true,","    regexp: true,","    stupid: true","*/","(function () {","    'use strict';","    var local;","","","","    // run shared js-env code - pre-init","    (function () {","        // init local","        local = {};","        // init modeJs","        local.modeJs = (function () {","            try {","                return typeof navigator.userAgent === 'string' &&","                    typeof document.querySelector('body') === 'object' &&","                    typeof XMLHttpRequest.prototype.open === 'function' &&","                    'browser';","            } catch (errorCaughtBrowser) {","                return module.exports &&","                    typeof process.versions.node === 'string' &&","                    typeof require('http').createServer === 'function' &&","                    'node';","            }","        }());","        // init global","        local.global = local.modeJs === 'browser'","            ? window","            : global;","        // init utility2_rollup","        local = local.global.utility2_rollup || local;","        // init lib","        local.local = local.npmtest_letsencrypt = local;","        // init exports","        if (local.modeJs === 'browser') {","            local.global.utility2_npmtest_letsencrypt = local;","        } else {","            module.exports = local;","            module.exports.__dirname = __dirname;","            module.exports.module = module;","        }","    }());","}());",""],"l":{"12":2,"14":2,"19":2,"21":2,"23":2,"24":2,"25":2,"30":1,"37":2,"41":2,"43":2,"45":2,"46":1,"48":1,"49":1,"50":1}},"/home/travis/build/npmtest/node-npmtest-letsencrypt/example.js":{"path":"/home/travis/build/npmtest/node-npmtest-letsencrypt/example.js","s":{"1":2,"2":2,"3":2,"4":2,"5":2,"6":2,"7":2,"8":1,"9":2,"10":2,"11":2,"12":2,"13":1,"14":2,"15":2,"16":2,"17":2,"18":2,"19":0,"20":2,"21":1,"22":1,"23":1,"24":1,"25":1,"26":0,"27":0,"28":1,"29":1,"30":2,"31":0,"32":0,"33":0,"34":1,"35":2,"36":2,"37":3,"38":3,"39":3,"40":3,"41":0,"42":3,"43":3,"44":3,"45":1,"46":3,"47":1,"48":1,"49":1,"50":1,"51":1,"52":1,"53":1,"54":1,"55":1,"56":1,"57":0,"58":1,"59":6,"60":6,"61":1,"62":2,"63":0,"64":2,"65":1,"66":1,"67":0,"68":0,"69":0,"70":0,"71":0,"72":0,"73":0,"74":0,"75":0,"76":0,"77":0,"78":0,"79":0,"80":0,"81":0,"82":0,"83":0},"b":{"1":[2,1,1,1],"2":[1,1,1,1],"3":[1,1],"4":[2,2],"5":[1,1],"6":[1,1],"7":[2,0],"8":[2,1,1,1,1,1],"9":[0,2,0],"10":[1,1],"11":[2,1,1],"12":[1,0],"13":[0,2],"14":[2,0,0,0,0,0,0],"15":[0,3],"16":[3,0],"17":[1,1],"18":[0,1],"19":[1,2,0,2],"20":[1,0],"21":[1,1],"22":[0,0],"23":[0,0],"24":[0,0],"25":[0,0],"26":[0,0],"27":[0,0],"28":[0,0]},"f":{"1":2,"2":2,"3":2,"4":2,"5":2,"6":2,"7":3,"8":3,"9":3,"10":1,"11":6,"12":0},"fnMap":{"1":{"name":"(anonymous_1)","line":26,"loc":{"start":{"line":26,"column":1},"end":{"line":26,"column":13}}},"2":{"name":"(anonymous_2)","line":33,"loc":{"start":{"line":33,"column":5},"end":{"line":33,"column":17}}},"3":{"name":"(anonymous_3)","line":37,"loc":{"start":{"line":37,"column":24},"end":{"line":37,"column":36}}},"4":{"name":"(anonymous_4)","line":69,"loc":{"start":{"line":69,"column":31},"end":{"line":69,"column":48}},"skip":true},"5":{"name":"(anonymous_5)","line":78,"loc":{"start":{"line":78,"column":26},"end":{"line":78,"column":45}},"skip":true},"6":{"name":"(anonymous_6)","line":123,"loc":{"start":{"line":123,"column":33},"end":{"line":123,"column":48}},"skip":true},"7":{"name":"(anonymous_7)","line":125,"loc":{"start":{"line":125,"column":27},"end":{"line":125,"column":39}},"skip":true},"8":{"name":"(anonymous_8)","line":133,"loc":{"start":{"line":133,"column":59},"end":{"line":133,"column":74}},"skip":true},"9":{"name":"(anonymous_9)","line":143,"loc":{"start":{"line":143,"column":45},"end":{"line":143,"column":62}},"skip":true},"10":{"name":"(anonymous_10)","line":144,"loc":{"start":{"line":144,"column":73},"end":{"line":144,"column":92}},"skip":true},"11":{"name":"(anonymous_11)","line":272,"loc":{"start":{"line":272,"column":51},"end":{"line":272,"column":77}},"skip":true},"12":{"name":"(anonymous_12)","line":315,"loc":{"start":{"line":315,"column":32},"end":{"line":315,"column":61}},"skip":true}},"statementMap":{"1":{"start":{"line":26,"column":0},"end":{"line":326,"column":5}},"2":{"start":{"line":28,"column":4},"end":{"line":28,"column":14}},"3":{"start":{"line":33,"column":4},"end":{"line":60,"column":9}},"4":{"start":{"line":35,"column":8},"end":{"line":35,"column":19}},"5":{"start":{"line":37,"column":8},"end":{"line":49,"column":13}},"6":{"start":{"line":38,"column":12},"end":{"line":48,"column":13}},"7":{"start":{"line":39,"column":16},"end":{"line":42,"column":30}},"8":{"start":{"line":44,"column":16},"end":{"line":47,"column":27}},"9":{"start":{"line":51,"column":8},"end":{"line":53,"column":21}},"10":{"start":{"line":55,"column":8},"end":{"line":57,"column":45}},"11":{"start":{"line":59,"column":8},"end":{"line":59,"column":35}},"12":{"start":{"line":61,"column":4},"end":{"line":325,"column":5}},"13":{"start":{"line":69,"column":8},"end":{"line":121,"column":10},"skip":true},"14":{"start":{"line":70,"column":12},"end":{"line":88,"column":13},"skip":true},"15":{"start":{"line":76,"column":16},"end":{"line":87,"column":19},"skip":true},"16":{"start":{"line":79,"column":20},"end":{"line":86,"column":21},"skip":true},"17":{"start":{"line":82,"column":24},"end":{"line":82,"column":43},"skip":true},"18":{"start":{"line":83,"column":24},"end":{"line":83,"column":30},"skip":true},"19":{"start":{"line":85,"column":24},"end":{"line":85,"column":49},"skip":true},"20":{"start":{"line":89,"column":12},"end":{"line":107,"column":13},"skip":true},"21":{"start":{"line":92,"column":16},"end":{"line":102,"column":17},"skip":true},"22":{"start":{"line":93,"column":20},"end":{"line":93,"column":86},"skip":true},"23":{"start":{"line":94,"column":20},"end":{"line":95,"column":45},"skip":true},"24":{"start":{"line":96,"column":20},"end":{"line":96,"column":42},"skip":true},"25":{"start":{"line":97,"column":20},"end":{"line":97,"column":48},"skip":true},"26":{"start":{"line":100,"column":20},"end":{"line":100,"column":85},"skip":true},"27":{"start":{"line":101,"column":20},"end":{"line":101,"column":96},"skip":true},"28":{"start":{"line":103,"column":16},"end":{"line":103,"column":22},"skip":true},"29":{"start":{"line":106,"column":16},"end":{"line":106,"column":22},"skip":true},"30":{"start":{"line":108,"column":12},"end":{"line":120,"column":13},"skip":true},"31":{"start":{"line":114,"column":16},"end":{"line":119,"column":17},"skip":true},"32":{"start":{"line":116,"column":20},"end":{"line":116,"column":78},"skip":true},"33":{"start":{"line":118,"column":20},"end":{"line":118,"column":47},"skip":true},"34":{"start":{"line":123,"column":8},"end":{"line":141,"column":11},"skip":true},"35":{"start":{"line":124,"column":12},"end":{"line":124,"column":54},"skip":true},"36":{"start":{"line":125,"column":12},"end":{"line":140,"column":14},"skip":true},"37":{"start":{"line":126,"column":16},"end":{"line":126,"column":28},"skip":true},"38":{"start":{"line":127,"column":16},"end":{"line":127,"column":69},"skip":true},"39":{"start":{"line":128,"column":16},"end":{"line":128,"column":75},"skip":true},"40":{"start":{"line":129,"column":16},"end":{"line":131,"column":17},"skip":true},"41":{"start":{"line":130,"column":20},"end":{"line":130,"column":27},"skip":true},"42":{"start":{"line":133,"column":16},"end":{"line":137,"column":36},"skip":true},"43":{"start":{"line":134,"column":20},"end":{"line":136,"column":55},"skip":true},"44":{"start":{"line":139,"column":16},"end":{"line":139,"column":57},"skip":true},"45":{"start":{"line":143,"column":8},"end":{"line":147,"column":11},"skip":true},"46":{"start":{"line":144,"column":12},"end":{"line":146,"column":15},"skip":true},"47":{"start":{"line":145,"column":16},"end":{"line":145,"column":70},"skip":true},"48":{"start":{"line":149,"column":8},"end":{"line":149,"column":31},"skip":true},"49":{"start":{"line":150,"column":8},"end":{"line":150,"column":14},"skip":true},"50":{"start":{"line":158,"column":8},"end":{"line":158,"column":31},"skip":true},"51":{"start":{"line":160,"column":8},"end":{"line":160,"column":33},"skip":true},"52":{"start":{"line":161,"column":8},"end":{"line":161,"column":37},"skip":true},"53":{"start":{"line":162,"column":8},"end":{"line":162,"column":35},"skip":true},"54":{"start":{"line":164,"column":8},"end":{"line":164,"column":50},"skip":true},"55":{"start":{"line":166,"column":8},"end":{"line":256,"column":2},"skip":true},"56":{"start":{"line":258,"column":8},"end":{"line":286,"column":9},"skip":true},"57":{"start":{"line":259,"column":12},"end":{"line":269,"column":14},"skip":true},"58":{"start":{"line":271,"column":12},"end":{"line":285,"column":19},"skip":true},"59":{"start":{"line":274,"column":20},"end":{"line":274,"column":35},"skip":true},"60":{"start":{"line":275,"column":20},"end":{"line":284,"column":21},"skip":true},"61":{"start":{"line":277,"column":24},"end":{"line":277,"column":64},"skip":true},"62":{"start":{"line":279,"column":24},"end":{"line":279,"column":40},"skip":true},"63":{"start":{"line":281,"column":24},"end":{"line":281,"column":40},"skip":true},"64":{"start":{"line":283,"column":24},"end":{"line":283,"column":39},"skip":true},"65":{"start":{"line":288,"column":8},"end":{"line":290,"column":9},"skip":true},"66":{"start":{"line":289,"column":12},"end":{"line":289,"column":18},"skip":true},"67":{"start":{"line":291,"column":8},"end":{"line":293,"column":54},"skip":true},"68":{"start":{"line":296,"column":8},"end":{"line":301,"column":37},"skip":true},"69":{"start":{"line":303,"column":8},"end":{"line":303,"column":82},"skip":true},"70":{"start":{"line":306,"column":8},"end":{"line":308,"column":9},"skip":true},"71":{"start":{"line":307,"column":12},"end":{"line":307,"column":82},"skip":true},"72":{"start":{"line":310,"column":8},"end":{"line":312,"column":9},"skip":true},"73":{"start":{"line":311,"column":12},"end":{"line":311,"column":18},"skip":true},"74":{"start":{"line":313,"column":8},"end":{"line":313,"column":54},"skip":true},"75":{"start":{"line":314,"column":8},"end":{"line":314,"column":69},"skip":true},"76":{"start":{"line":315,"column":8},"end":{"line":323,"column":36},"skip":true},"77":{"start":{"line":316,"column":12},"end":{"line":316,"column":61},"skip":true},"78":{"start":{"line":317,"column":12},"end":{"line":320,"column":13},"skip":true},"79":{"start":{"line":318,"column":16},"end":{"line":318,"column":75},"skip":true},"80":{"start":{"line":319,"column":16},"end":{"line":319,"column":23},"skip":true},"81":{"start":{"line":321,"column":12},"end":{"line":321,"column":38},"skip":true},"82":{"start":{"line":322,"column":12},"end":{"line":322,"column":27},"skip":true},"83":{"start":{"line":324,"column":8},"end":{"line":324,"column":14},"skip":true}},"branchMap":{"1":{"line":39,"type":"binary-expr","locations":[{"start":{"line":39,"column":23},"end":{"line":39,"column":62}},{"start":{"line":40,"column":20},"end":{"line":40,"column":70}},{"start":{"line":41,"column":20},"end":{"line":41,"column":71}},{"start":{"line":42,"column":20},"end":{"line":42,"column":29}}]},"2":{"line":44,"type":"binary-expr","locations":[{"start":{"line":44,"column":23},"end":{"line":44,"column":37}},{"start":{"line":45,"column":20},"end":{"line":45,"column":61}},{"start":{"line":46,"column":20},"end":{"line":46,"column":70}},{"start":{"line":47,"column":20},"end":{"line":47,"column":26}}]},"3":{"line":51,"type":"cond-expr","locations":[{"start":{"line":52,"column":14},"end":{"line":52,"column":20}},{"start":{"line":53,"column":14},"end":{"line":53,"column":20}}]},"4":{"line":55,"type":"binary-expr","locations":[{"start":{"line":55,"column":16},"end":{"line":55,"column":44}},{"start":{"line":55,"column":49},"end":{"line":57,"column":43}}]},"5":{"line":55,"type":"cond-expr","locations":[{"start":{"line":56,"column":14},"end":{"line":56,"column":55}},{"start":{"line":57,"column":14},"end":{"line":57,"column":43}}]},"6":{"line":61,"type":"switch","locations":[{"start":{"line":68,"column":4},"end":{"line":150,"column":14},"skip":true},{"start":{"line":156,"column":4},"end":{"line":324,"column":14},"skip":true}]},"7":{"line":70,"type":"if","locations":[{"start":{"line":70,"column":12},"end":{"line":70,"column":12},"skip":true},{"start":{"line":70,"column":12},"end":{"line":70,"column":12},"skip":true}]},"8":{"line":70,"type":"binary-expr","locations":[{"start":{"line":70,"column":16},"end":{"line":70,"column":22},"skip":true},{"start":{"line":70,"column":27},"end":{"line":70,"column":32},"skip":true},{"start":{"line":71,"column":20},"end":{"line":71,"column":39},"skip":true},{"start":{"line":72,"column":20},"end":{"line":72,"column":49},"skip":true},{"start":{"line":73,"column":20},"end":{"line":73,"column":58},"skip":true},{"start":{"line":74,"column":20},"end":{"line":74,"column":69},"skip":true}]},"9":{"line":79,"type":"switch","locations":[{"start":{"line":80,"column":20},"end":{"line":80,"column":33},"skip":true},{"start":{"line":81,"column":20},"end":{"line":83,"column":30},"skip":true},{"start":{"line":84,"column":20},"end":{"line":85,"column":49},"skip":true}]},"10":{"line":89,"type":"switch","locations":[{"start":{"line":90,"column":12},"end":{"line":103,"column":22},"skip":true},{"start":{"line":105,"column":12},"end":{"line":106,"column":22},"skip":true}]},"11":{"line":89,"type":"binary-expr","locations":[{"start":{"line":89,"column":20},"end":{"line":89,"column":25},"skip":true},{"start":{"line":89,"column":29},"end":{"line":89,"column":48},"skip":true},{"start":{"line":89,"column":52},"end":{"line":89,"column":74},"skip":true}]},"12":{"line":92,"type":"if","locations":[{"start":{"line":92,"column":16},"end":{"line":92,"column":16},"skip":true},{"start":{"line":92,"column":16},"end":{"line":92,"column":16},"skip":true}]},"13":{"line":108,"type":"if","locations":[{"start":{"line":108,"column":12},"end":{"line":108,"column":12},"skip":true},{"start":{"line":108,"column":12},"end":{"line":108,"column":12},"skip":true}]},"14":{"line":108,"type":"binary-expr","locations":[{"start":{"line":108,"column":16},"end":{"line":108,"column":61},"skip":true},{"start":{"line":108,"column":66},"end":{"line":108,"column":72},"skip":true},{"start":{"line":108,"column":77},"end":{"line":108,"column":82},"skip":true},{"start":{"line":109,"column":20},"end":{"line":109,"column":39},"skip":true},{"start":{"line":110,"column":20},"end":{"line":110,"column":49},"skip":true},{"start":{"line":111,"column":20},"end":{"line":111,"column":58},"skip":true},{"start":{"line":112,"column":20},"end":{"line":112,"column":68},"skip":true}]},"15":{"line":129,"type":"if","locations":[{"start":{"line":129,"column":16},"end":{"line":129,"column":16},"skip":true},{"start":{"line":129,"column":16},"end":{"line":129,"column":16},"skip":true}]},"16":{"line":134,"type":"cond-expr","locations":[{"start":{"line":135,"column":26},"end":{"line":135,"column":29},"skip":true},{"start":{"line":136,"column":26},"end":{"line":136,"column":54},"skip":true}]},"17":{"line":164,"type":"binary-expr","locations":[{"start":{"line":164,"column":27},"end":{"line":164,"column":43},"skip":true},{"start":{"line":164,"column":47},"end":{"line":164,"column":49},"skip":true}]},"18":{"line":258,"type":"if","locations":[{"start":{"line":258,"column":8},"end":{"line":258,"column":8},"skip":true},{"start":{"line":258,"column":8},"end":{"line":258,"column":8},"skip":true}]},"19":{"line":275,"type":"switch","locations":[{"start":{"line":276,"column":20},"end":{"line":277,"column":64},"skip":true},{"start":{"line":278,"column":20},"end":{"line":279,"column":40},"skip":true},{"start":{"line":280,"column":20},"end":{"line":281,"column":40},"skip":true},{"start":{"line":282,"column":20},"end":{"line":283,"column":39},"skip":true}]},"20":{"line":288,"type":"if","locations":[{"start":{"line":288,"column":8},"end":{"line":288,"column":8},"skip":true},{"start":{"line":288,"column":8},"end":{"line":288,"column":8},"skip":true}]},"21":{"line":288,"type":"binary-expr","locations":[{"start":{"line":288,"column":12},"end":{"line":288,"column":40},"skip":true},{"start":{"line":288,"column":44},"end":{"line":288,"column":67},"skip":true}]},"22":{"line":292,"type":"binary-expr","locations":[{"start":{"line":292,"column":12},"end":{"line":292,"column":50},"skip":true},{"start":{"line":293,"column":12},"end":{"line":293,"column":53},"skip":true}]},"23":{"line":297,"type":"binary-expr","locations":[{"start":{"line":297,"column":12},"end":{"line":297,"column":69},"skip":true},{"start":{"line":298,"column":12},"end":{"line":301,"column":36},"skip":true}]},"24":{"line":303,"type":"binary-expr","locations":[{"start":{"line":303,"column":43},"end":{"line":303,"column":75},"skip":true},{"start":{"line":303,"column":79},"end":{"line":303,"column":81},"skip":true}]},"25":{"line":306,"type":"if","locations":[{"start":{"line":306,"column":8},"end":{"line":306,"column":8},"skip":true},{"start":{"line":306,"column":8},"end":{"line":306,"column":8},"skip":true}]},"26":{"line":310,"type":"if","locations":[{"start":{"line":310,"column":8},"end":{"line":310,"column":8},"skip":true},{"start":{"line":310,"column":8},"end":{"line":310,"column":8},"skip":true}]},"27":{"line":313,"type":"binary-expr","locations":[{"start":{"line":313,"column":27},"end":{"line":313,"column":43},"skip":true},{"start":{"line":313,"column":47},"end":{"line":313,"column":53},"skip":true}]},"28":{"line":317,"type":"if","locations":[{"start":{"line":317,"column":12},"end":{"line":317,"column":12},"skip":true},{"start":{"line":317,"column":12},"end":{"line":317,"column":12},"skip":true}]}},"code":["/*","example.js","","quickstart example","","instruction","    1. save this script as example.js","    2. run the shell command:","        $ npm install npmtest-letsencrypt && PORT=8081 node example.js","    3. play with the browser-demo on http://127.0.0.1:8081","*/","","","","/* istanbul instrument in package npmtest_letsencrypt */","/*jslint","    bitwise: true,","    browser: true,","    maxerr: 8,","    maxlen: 96,","    node: true,","    nomen: true,","    regexp: true,","    stupid: true","*/","(function () {","    'use strict';","    var local;","","","","    // run shared js-env code - pre-init","    (function () {","        // init local","        local = {};","        // init modeJs","        local.modeJs = (function () {","            try {","                return typeof navigator.userAgent === 'string' &&","                    typeof document.querySelector('body') === 'object' &&","                    typeof XMLHttpRequest.prototype.open === 'function' &&","                    'browser';","            } catch (errorCaughtBrowser) {","                return module.exports &&","                    typeof process.versions.node === 'string' &&","                    typeof require('http').createServer === 'function' &&","                    'node';","            }","        }());","        // init global","        local.global = local.modeJs === 'browser'","            ? window","            : global;","        // init utility2_rollup","        local = local.global.utility2_rollup || (local.modeJs === 'browser'","            ? local.global.utility2_npmtest_letsencrypt","            : global.utility2_moduleExports);","        // export local","        local.global.local = local;","    }());","    switch (local.modeJs) {","","","","    // post-init","    // run browser js-env code - post-init","    /* istanbul ignore next */","    case 'browser':","        local.testRunBrowser = function (event) {","            if (!event || (event &&","                    event.currentTarget &&","                    event.currentTarget.className &&","                    event.currentTarget.className.includes &&","                    event.currentTarget.className.includes('onreset'))) {","                // reset output","                Array.from(","                    document.querySelectorAll('body > .resettable')","                ).forEach(function (element) {","                    switch (element.tagName) {","                    case 'INPUT':","                    case 'TEXTAREA':","                        element.value = '';","                        break;","                    default:","                        element.textContent = '';","                    }","                });","            }","            switch (event && event.currentTarget && event.currentTarget.id) {","            case 'testRunButton1':","                // show tests","                if (document.querySelector('#testReportDiv1').style.display === 'none') {","                    document.querySelector('#testReportDiv1').style.display = 'block';","                    document.querySelector('#testRunButton1').textContent =","                        'hide internal test';","                    local.modeTest = true;","                    local.testRunDefault(local);","                // hide tests","                } else {","                    document.querySelector('#testReportDiv1').style.display = 'none';","                    document.querySelector('#testRunButton1').textContent = 'run internal test';","                }","                break;","            // custom-case","            default:","                break;","            }","            if (document.querySelector('#inputTextareaEval1') && (!event || (event &&","                    event.currentTarget &&","                    event.currentTarget.className &&","                    event.currentTarget.className.includes &&","                    event.currentTarget.className.includes('oneval')))) {","                // try to eval input-code","                try {","                    /*jslint evil: true*/","                    eval(document.querySelector('#inputTextareaEval1').value);","                } catch (errorCaught) {","                    console.error(errorCaught);","                }","            }","        };","        // log stderr and stdout to #outputTextareaStdout1","        ['error', 'log'].forEach(function (key) {","            console[key + '_original'] = console[key];","            console[key] = function () {","                var element;","                console[key + '_original'].apply(console, arguments);","                element = document.querySelector('#outputTextareaStdout1');","                if (!element) {","                    return;","                }","                // append text to #outputTextareaStdout1","                element.value += Array.from(arguments).map(function (arg) {","                    return typeof arg === 'string'","                        ? arg","                        : JSON.stringify(arg, null, 4);","                }).join(' ') + '\\n';","                // scroll textarea to bottom","                element.scrollTop = element.scrollHeight;","            };","        });","        // init event-handling","        ['change', 'click', 'keyup'].forEach(function (event) {","            Array.from(document.querySelectorAll('.on' + event)).forEach(function (element) {","                element.addEventListener(event, local.testRunBrowser);","            });","        });","        // run tests","        local.testRunBrowser();","        break;","","","","    // run node js-env code - post-init","    /* istanbul ignore next */","    case 'node':","        // export local","        module.exports = local;","        // require modules","        local.fs = require('fs');","        local.http = require('http');","        local.url = require('url');","        // init assets","        local.assetsDict = local.assetsDict || {};","        /* jslint-ignore-begin */","        local.assetsDict['/assets.index.template.html'] = '\\","<!doctype html>\\n\\","<html lang=\"en\">\\n\\","<head>\\n\\","<meta charset=\"UTF-8\">\\n\\","<meta name=\"viewport\" content=\"width=device-width, initial-scale=1\">\\n\\","<title>{{env.npm_package_name}} (v{{env.npm_package_version}})</title>\\n\\","<style>\\n\\","/*csslint\\n\\","    box-sizing: false,\\n\\","    universal-selector: false\\n\\","*/\\n\\","* {\\n\\","    box-sizing: border-box;\\n\\","}\\n\\","body {\\n\\","    background: #dde;\\n\\","    font-family: Arial, Helvetica, sans-serif;\\n\\","    margin: 2rem;\\n\\","}\\n\\","body > * {\\n\\","    margin-bottom: 1rem;\\n\\","}\\n\\",".utility2FooterDiv {\\n\\","    margin-top: 20px;\\n\\","    text-align: center;\\n\\","}\\n\\","</style>\\n\\","<style>\\n\\","/*csslint\\n\\","*/\\n\\","textarea {\\n\\","    font-family: monospace;\\n\\","    height: 10rem;\\n\\","    width: 100%;\\n\\","}\\n\\","textarea[readonly] {\\n\\","    background: #ddd;\\n\\","}\\n\\","</style>\\n\\","</head>\\n\\","<body>\\n\\","<!-- utility2-comment\\n\\","<div id=\"ajaxProgressDiv1\" style=\"background: #d00; height: 2px; left: 0; margin: 0; padding: 0; position: fixed; top: 0; transition: background 0.5s, width 1.5s; width: 25%;\"></div>\\n\\","utility2-comment -->\\n\\","<h1>\\n\\","<!-- utility2-comment\\n\\","    <a\\n\\","        {{#if env.npm_package_homepage}}\\n\\","        href=\"{{env.npm_package_homepage}}\"\\n\\","        {{/if env.npm_package_homepage}}\\n\\","        target=\"_blank\"\\n\\","    >\\n\\","utility2-comment -->\\n\\","        {{env.npm_package_name}} (v{{env.npm_package_version}})\\n\\","<!-- utility2-comment\\n\\","    </a>\\n\\","utility2-comment -->\\n\\","</h1>\\n\\","<h3>{{env.npm_package_description}}</h3>\\n\\","<!-- utility2-comment\\n\\","<h4><a download href=\"assets.app.js\">download standalone app</a></h4>\\n\\","<button class=\"onclick onreset\" id=\"testRunButton1\">run internal test</button><br>\\n\\","<div id=\"testReportDiv1\" style=\"display: none;\"></div>\\n\\","utility2-comment -->\\n\\","\\n\\","\\n\\","\\n\\","<label>stderr and stdout</label>\\n\\","<textarea class=\"resettable\" id=\"outputTextareaStdout1\" readonly></textarea>\\n\\","<!-- utility2-comment\\n\\","{{#if isRollup}}\\n\\","<script src=\"assets.app.js\"></script>\\n\\","{{#unless isRollup}}\\n\\","utility2-comment -->\\n\\","<script src=\"assets.utility2.rollup.js\"></script>\\n\\","<script src=\"jsonp.utility2._stateInit?callback=window.utility2._stateInit\"></script>\\n\\","<script src=\"assets.npmtest_letsencrypt.rollup.js\"></script>\\n\\","<script src=\"assets.example.js\"></script>\\n\\","<script src=\"assets.test.js\"></script>\\n\\","<!-- utility2-comment\\n\\","{{/if isRollup}}\\n\\","utility2-comment -->\\n\\","<div class=\"utility2FooterDiv\">\\n\\","    [ this app was created with\\n\\","    <a href=\"https://github.com/kaizhu256/node-utility2\" target=\"_blank\">utility2</a>\\n\\","    ]\\n\\","</div>\\n\\","</body>\\n\\","</html>\\n\\","';","        /* jslint-ignore-end */","        if (local.templateRender) {","            local.assetsDict['/'] = local.templateRender(","                local.assetsDict['/assets.index.template.html'],","                {","                    env: local.objectSetDefault(local.env, {","                        npm_package_description: 'the greatest app in the world!',","                        npm_package_name: 'my-app',","                        npm_package_nameAlias: 'my_app',","                        npm_package_version: '0.0.1'","                    })","                }","            );","        } else {","            local.assetsDict['/'] = local.assetsDict['/assets.index.template.html']","                .replace((/\\{\\{env\\.(\\w+?)\\}\\}/g), function (match0, match1) {","                    // jslint-hack","                    String(match0);","                    switch (match1) {","                    case 'npm_package_description':","                        return 'the greatest app in the world!';","                    case 'npm_package_name':","                        return 'my-app';","                    case 'npm_package_nameAlias':","                        return 'my_app';","                    case 'npm_package_version':","                        return '0.0.1';","                    }","                });","        }","        // run the cli","        if (local.global.utility2_rollup || module !== require.main) {","            break;","        }","        local.assetsDict['/assets.example.js'] =","            local.assetsDict['/assets.example.js'] ||","            local.fs.readFileSync(__filename, 'utf8');","        // bug-workaround - long $npm_package_buildCustomOrg","        /* jslint-ignore-begin */","        local.assetsDict['/assets.npmtest_letsencrypt.rollup.js'] =","            local.assetsDict['/assets.npmtest_letsencrypt.rollup.js'] ||","            local.fs.readFileSync(","                local.npmtest_letsencrypt.__dirname + '/lib.npmtest_letsencrypt.js',","                'utf8'","            ).replace((/^#!/), '//');","        /* jslint-ignore-end */","        local.assetsDict['/favicon.ico'] = local.assetsDict['/favicon.ico'] || '';","        // if $npm_config_timeout_exit exists,","        // then exit this process after $npm_config_timeout_exit ms","        if (Number(process.env.npm_config_timeout_exit)) {","            setTimeout(process.exit, Number(process.env.npm_config_timeout_exit));","        }","        // start server","        if (local.global.utility2_serverHttp1) {","            break;","        }","        process.env.PORT = process.env.PORT || '8081';","        console.error('server starting on port ' + process.env.PORT);","        local.http.createServer(function (request, response) {","            request.urlParsed = local.url.parse(request.url);","            if (local.assetsDict[request.urlParsed.pathname] !== undefined) {","                response.end(local.assetsDict[request.urlParsed.pathname]);","                return;","            }","            response.statusCode = 404;","            response.end();","        }).listen(process.env.PORT);","        break;","    }","}());",""],"l":{"26":2,"28":2,"33":2,"35":2,"37":2,"38":2,"39":2,"44":1,"51":2,"55":2,"59":2,"61":2,"69":1,"70":2,"76":2,"79":2,"82":2,"83":2,"85":1,"89":2,"92":1,"93":1,"94":1,"96":1,"97":1,"100":1,"101":1,"103":1,"106":1,"108":2,"114":1,"116":1,"118":1,"123":1,"124":2,"125":2,"126":3,"127":3,"128":3,"129":3,"130":1,"133":3,"134":3,"139":3,"143":1,"144":3,"145":1,"149":1,"150":1,"158":1,"160":1,"161":1,"162":1,"164":1,"166":1,"258":1,"259":1,"271":1,"274":6,"275":6,"277":1,"279":2,"281":1,"283":2,"288":1,"289":1,"291":1,"296":1,"303":1,"306":1,"307":1,"310":1,"311":1,"313":1,"314":1,"315":1,"316":1,"317":1,"318":1,"319":1,"321":1,"322":1,"324":1}},"/home/travis/build/npmtest/node-npmtest-letsencrypt/node_modules/letsencrypt/index.js":{"path":"/home/travis/build/npmtest/node-npmtest-letsencrypt/node_modules/letsencrypt/index.js","s":{"1":1,"2":1,"3":1,"4":1,"5":1,"6":1,"7":0,"8":0,"9":0,"10":0,"11":0,"12":1,"13":1,"14":6,"15":1,"16":1,"17":1,"18":0,"19":0,"20":0,"21":0,"22":1,"23":0,"24":0,"25":0,"26":0,"27":0,"28":0,"29":0,"30":0,"31":0,"32":0,"33":0,"34":0,"35":0,"36":0,"37":0,"38":0,"39":0,"40":0,"41":0,"42":0,"43":0,"44":0,"45":0,"46":0,"47":0,"48":0,"49":0,"50":0,"51":0,"52":0,"53":0,"54":0,"55":0,"56":0,"57":0,"58":0,"59":0,"60":0,"61":0,"62":0,"63":0,"64":0,"65":0,"66":0,"67":0,"68":0,"69":0,"70":0,"71":0,"72":0,"73":0,"74":0,"75":0,"76":0,"77":0,"78":0,"79":0,"80":0,"81":0,"82":0,"83":0,"84":0,"85":0,"86":0,"87":0,"88":0,"89":0,"90":0,"91":0,"92":0,"93":0,"94":0,"95":0,"96":0,"97":0,"98":0,"99":0,"100":0,"101":0,"102":0,"103":0,"104":0,"105":0,"106":0,"107":0,"108":0,"109":0,"110":0,"111":0,"112":0,"113":0,"114":0,"115":0,"116":0,"117":0,"118":0,"119":0,"120":0,"121":0,"122":0,"123":0,"124":0,"125":0,"126":0,"127":0,"128":0,"129":0,"130":0,"131":0,"132":0,"133":0,"134":0,"135":0,"136":0,"137":0,"138":0,"139":0,"140":0,"141":0,"142":0,"143":0,"144":0,"145":0,"146":0,"147":0,"148":0},"b":{"1":[0,0],"2":[1,0],"3":[1,0],"4":[1,1],"5":[0,0],"6":[0,0],"7":[0,0],"8":[0,0],"9":[0,0],"10":[0,0],"11":[0,0],"12":[0,0],"13":[0,0],"14":[0,0],"15":[0,0],"16":[0,0],"17":[0,0],"18":[0,0],"19":[0,0],"20":[0,0],"21":[0,0],"22":[0,0],"23":[0,0],"24":[0,0],"25":[0,0],"26":[0,0],"27":[0,0],"28":[0,0],"29":[0,0],"30":[0,0],"31":[0,0],"32":[0,0],"33":[0,0],"34":[0,0],"35":[0,0],"36":[0,0],"37":[0,0],"38":[0,0],"39":[0,0],"40":[0,0],"41":[0,0],"42":[0,0],"43":[0,0],"44":[0,0],"45":[0,0,0],"46":[0,0],"47":[0,0,0],"48":[0,0,0],"49":[0,0],"50":[0,0,0],"51":[0,0],"52":[0,0],"53":[0,0],"54":[0,0],"55":[0,0],"56":[0,0],"57":[0,0],"58":[0,0]},"f":{"1":0,"2":6,"3":0,"4":0,"5":0,"6":0,"7":0,"8":0,"9":0,"10":0,"11":0,"12":0,"13":0,"14":0,"15":0,"16":0,"17":0,"18":0},"fnMap":{"1":{"name":"_log","line":12,"loc":{"start":{"line":12,"column":0},"end":{"line":12,"column":21}}},"2":{"name":"(anonymous_2)","line":33,"loc":{"start":{"line":33,"column":33},"end":{"line":33,"column":48}}},"3":{"name":"(anonymous_3)","line":61,"loc":{"start":{"line":61,"column":15},"end":{"line":61,"column":29}}},"4":{"name":"(anonymous_4)","line":62,"loc":{"start":{"line":62,"column":37},"end":{"line":62,"column":52}}},"5":{"name":"(anonymous_5)","line":70,"loc":{"start":{"line":70,"column":12},"end":{"line":70,"column":26}}},"6":{"name":"(anonymous_6)","line":104,"loc":{"start":{"line":104,"column":39},"end":{"line":104,"column":64}}},"7":{"name":"(anonymous_7)","line":126,"loc":{"start":{"line":126,"column":36},"end":{"line":126,"column":51}}},"8":{"name":"(anonymous_8)","line":139,"loc":{"start":{"line":139,"column":37},"end":{"line":139,"column":52}}},"9":{"name":"(anonymous_9)","line":154,"loc":{"start":{"line":154,"column":28},"end":{"line":154,"column":53}}},"10":{"name":"(anonymous_10)","line":166,"loc":{"start":{"line":166,"column":63},"end":{"line":166,"column":78}}},"11":{"name":"(anonymous_11)","line":202,"loc":{"start":{"line":202,"column":28},"end":{"line":202,"column":58}}},"12":{"name":"(anonymous_12)","line":206,"loc":{"start":{"line":206,"column":36},"end":{"line":206,"column":54}}},"13":{"name":"(anonymous_13)","line":219,"loc":{"start":{"line":219,"column":27},"end":{"line":219,"column":56}}},"14":{"name":"(anonymous_14)","line":224,"loc":{"start":{"line":224,"column":39},"end":{"line":224,"column":64}}},"15":{"name":"(anonymous_15)","line":245,"loc":{"start":{"line":245,"column":30},"end":{"line":245,"column":47}}},"16":{"name":"(anonymous_16)","line":272,"loc":{"start":{"line":272,"column":13},"end":{"line":272,"column":36}}},"17":{"name":"(anonymous_17)","line":276,"loc":{"start":{"line":276,"column":16},"end":{"line":276,"column":32}}},"18":{"name":"(anonymous_18)","line":280,"loc":{"start":{"line":280,"column":13},"end":{"line":280,"column":29}}}},"statementMap":{"1":{"start":{"line":3,"column":0},"end":{"line":3,"column":30}},"2":{"start":{"line":5,"column":0},"end":{"line":5,"column":40}},"3":{"start":{"line":7,"column":0},"end":{"line":7,"column":24}},"4":{"start":{"line":8,"column":0},"end":{"line":8,"column":11}},"5":{"start":{"line":10,"column":0},"end":{"line":10,"column":13}},"6":{"start":{"line":12,"column":0},"end":{"line":19,"column":1}},"7":{"start":{"line":13,"column":2},"end":{"line":18,"column":3}},"8":{"start":{"line":14,"column":4},"end":{"line":14,"column":53}},"9":{"start":{"line":15,"column":4},"end":{"line":15,"column":17}},"10":{"start":{"line":16,"column":4},"end":{"line":16,"column":34}},"11":{"start":{"line":17,"column":4},"end":{"line":17,"column":37}},"12":{"start":{"line":21,"column":0},"end":{"line":30,"column":2}},"13":{"start":{"line":33,"column":0},"end":{"line":35,"column":3}},"14":{"start":{"line":34,"column":2},"end":{"line":34,"column":29}},"15":{"start":{"line":38,"column":0},"end":{"line":38,"column":6}},"16":{"start":{"line":39,"column":0},"end":{"line":60,"column":2}},"17":{"start":{"line":61,"column":0},"end":{"line":69,"column":2}},"18":{"start":{"line":62,"column":2},"end":{"line":66,"column":5}},"19":{"start":{"line":63,"column":4},"end":{"line":65,"column":5}},"20":{"start":{"line":64,"column":6},"end":{"line":64,"column":18}},"21":{"start":{"line":68,"column":2},"end":{"line":68,"column":12}},"22":{"start":{"line":70,"column":0},"end":{"line":291,"column":2}},"23":{"start":{"line":71,"column":2},"end":{"line":71,"column":37}},"24":{"start":{"line":73,"column":2},"end":{"line":73,"column":56}},"25":{"start":{"line":74,"column":2},"end":{"line":74,"column":81}},"26":{"start":{"line":75,"column":2},"end":{"line":75,"column":34}},"27":{"start":{"line":76,"column":2},"end":{"line":76,"column":27}},"28":{"start":{"line":78,"column":2},"end":{"line":80,"column":3}},"29":{"start":{"line":79,"column":4},"end":{"line":79,"column":23}},"30":{"start":{"line":81,"column":2},"end":{"line":83,"column":3}},"31":{"start":{"line":82,"column":4},"end":{"line":82,"column":86}},"32":{"start":{"line":84,"column":2},"end":{"line":86,"column":3}},"33":{"start":{"line":85,"column":4},"end":{"line":85,"column":90}},"34":{"start":{"line":87,"column":2},"end":{"line":97,"column":3}},"35":{"start":{"line":88,"column":4},"end":{"line":96,"column":5}},"36":{"start":{"line":89,"column":6},"end":{"line":89,"column":89}},"37":{"start":{"line":91,"column":6},"end":{"line":95,"column":7}},"38":{"start":{"line":92,"column":8},"end":{"line":92,"column":90}},"39":{"start":{"line":99,"column":2},"end":{"line":99,"column":24}},"40":{"start":{"line":100,"column":2},"end":{"line":100,"column":50}},"41":{"start":{"line":101,"column":2},"end":{"line":101,"column":49}},"42":{"start":{"line":102,"column":2},"end":{"line":102,"column":58}},"43":{"start":{"line":103,"column":2},"end":{"line":103,"column":16}},"44":{"start":{"line":104,"column":2},"end":{"line":106,"column":4}},"45":{"start":{"line":105,"column":4},"end":{"line":105,"column":111}},"46":{"start":{"line":108,"column":2},"end":{"line":108,"column":52}},"47":{"start":{"line":108,"column":25},"end":{"line":108,"column":50}},"48":{"start":{"line":111,"column":2},"end":{"line":113,"column":3}},"49":{"start":{"line":112,"column":4},"end":{"line":112,"column":113}},"50":{"start":{"line":114,"column":2},"end":{"line":119,"column":3}},"51":{"start":{"line":115,"column":4},"end":{"line":115,"column":36}},"52":{"start":{"line":117,"column":7},"end":{"line":119,"column":3}},"53":{"start":{"line":118,"column":4},"end":{"line":118,"column":39}},"54":{"start":{"line":121,"column":2},"end":{"line":123,"column":3}},"55":{"start":{"line":122,"column":4},"end":{"line":122,"column":33}},"56":{"start":{"line":124,"column":2},"end":{"line":124,"column":43}},"57":{"start":{"line":125,"column":2},"end":{"line":125,"column":38}},"58":{"start":{"line":126,"column":2},"end":{"line":130,"column":5}},"59":{"start":{"line":127,"column":4},"end":{"line":129,"column":5}},"60":{"start":{"line":128,"column":6},"end":{"line":128,"column":34}},"61":{"start":{"line":132,"column":2},"end":{"line":134,"column":3}},"62":{"start":{"line":133,"column":4},"end":{"line":133,"column":35}},"63":{"start":{"line":135,"column":2},"end":{"line":135,"column":45}},"64":{"start":{"line":136,"column":2},"end":{"line":136,"column":63}},"65":{"start":{"line":137,"column":2},"end":{"line":137,"column":71}},"66":{"start":{"line":138,"column":2},"end":{"line":138,"column":40}},"67":{"start":{"line":139,"column":2},"end":{"line":143,"column":5}},"68":{"start":{"line":140,"column":4},"end":{"line":142,"column":5}},"69":{"start":{"line":141,"column":6},"end":{"line":141,"column":35}},"70":{"start":{"line":149,"column":2},"end":{"line":152,"column":3}},"71":{"start":{"line":150,"column":4},"end":{"line":150,"column":107}},"72":{"start":{"line":151,"column":4},"end":{"line":151,"column":51}},"73":{"start":{"line":154,"column":2},"end":{"line":188,"column":5}},"74":{"start":{"line":155,"column":4},"end":{"line":155,"column":50}},"75":{"start":{"line":157,"column":4},"end":{"line":159,"column":5}},"76":{"start":{"line":158,"column":6},"end":{"line":158,"column":13}},"77":{"start":{"line":161,"column":4},"end":{"line":163,"column":5}},"78":{"start":{"line":162,"column":6},"end":{"line":162,"column":72}},"79":{"start":{"line":164,"column":4},"end":{"line":164,"column":82}},"80":{"start":{"line":165,"column":4},"end":{"line":165,"column":68}},"81":{"start":{"line":166,"column":4},"end":{"line":170,"column":7}},"82":{"start":{"line":167,"column":6},"end":{"line":169,"column":7}},"83":{"start":{"line":168,"column":8},"end":{"line":168,"column":61}},"84":{"start":{"line":173,"column":4},"end":{"line":176,"column":5}},"85":{"start":{"line":174,"column":6},"end":{"line":175,"column":103}},"86":{"start":{"line":177,"column":4},"end":{"line":180,"column":5}},"87":{"start":{"line":178,"column":6},"end":{"line":179,"column":85}},"88":{"start":{"line":181,"column":4},"end":{"line":184,"column":5}},"89":{"start":{"line":182,"column":6},"end":{"line":183,"column":88}},"90":{"start":{"line":185,"column":4},"end":{"line":187,"column":5}},"91":{"start":{"line":186,"column":6},"end":{"line":186,"column":255}},"92":{"start":{"line":190,"column":2},"end":{"line":190,"column":26}},"93":{"start":{"line":191,"column":2},"end":{"line":193,"column":3}},"94":{"start":{"line":192,"column":4},"end":{"line":192,"column":25}},"95":{"start":{"line":194,"column":2},"end":{"line":254,"column":3}},"96":{"start":{"line":195,"column":4},"end":{"line":248,"column":5}},"97":{"start":{"line":196,"column":6},"end":{"line":199,"column":7}},"98":{"start":{"line":197,"column":8},"end":{"line":197,"column":47}},"99":{"start":{"line":198,"column":8},"end":{"line":198,"column":33}},"100":{"start":{"line":200,"column":6},"end":{"line":217,"column":7}},"101":{"start":{"line":201,"column":8},"end":{"line":201,"column":54}},"102":{"start":{"line":202,"column":8},"end":{"line":216,"column":10}},"103":{"start":{"line":203,"column":10},"end":{"line":205,"column":11}},"104":{"start":{"line":204,"column":12},"end":{"line":204,"column":181}},"105":{"start":{"line":206,"column":10},"end":{"line":213,"column":11}},"106":{"start":{"line":207,"column":12},"end":{"line":207,"column":61}},"107":{"start":{"line":209,"column":12},"end":{"line":209,"column":58}},"108":{"start":{"line":210,"column":12},"end":{"line":210,"column":37}},"109":{"start":{"line":211,"column":12},"end":{"line":211,"column":43}},"110":{"start":{"line":212,"column":12},"end":{"line":212,"column":64}},"111":{"start":{"line":214,"column":10},"end":{"line":214,"column":82}},"112":{"start":{"line":215,"column":10},"end":{"line":215,"column":45}},"113":{"start":{"line":219,"column":6},"end":{"line":247,"column":8}},"114":{"start":{"line":221,"column":8},"end":{"line":221,"column":116}},"115":{"start":{"line":222,"column":8},"end":{"line":222,"column":86}},"116":{"start":{"line":224,"column":8},"end":{"line":246,"column":11}},"117":{"start":{"line":225,"column":10},"end":{"line":229,"column":11}},"118":{"start":{"line":226,"column":12},"end":{"line":226,"column":71}},"119":{"start":{"line":227,"column":12},"end":{"line":227,"column":21}},"120":{"start":{"line":228,"column":12},"end":{"line":228,"column":19}},"121":{"start":{"line":231,"column":10},"end":{"line":231,"column":134}},"122":{"start":{"line":232,"column":10},"end":{"line":232,"column":41}},"123":{"start":{"line":234,"column":10},"end":{"line":234,"column":22}},"124":{"start":{"line":236,"column":10},"end":{"line":243,"column":11}},"125":{"start":{"line":237,"column":12},"end":{"line":237,"column":41}},"126":{"start":{"line":238,"column":12},"end":{"line":238,"column":86}},"127":{"start":{"line":241,"column":12},"end":{"line":241,"column":69}},"128":{"start":{"line":242,"column":12},"end":{"line":242,"column":69}},"129":{"start":{"line":245,"column":10},"end":{"line":245,"column":73}},"130":{"start":{"line":245,"column":49},"end":{"line":245,"column":65}},"131":{"start":{"line":249,"column":4},"end":{"line":249,"column":46}},"132":{"start":{"line":250,"column":4},"end":{"line":252,"column":5}},"133":{"start":{"line":251,"column":6},"end":{"line":251,"column":33}},"134":{"start":{"line":253,"column":4},"end":{"line":253,"column":53}},"135":{"start":{"line":255,"column":2},"end":{"line":257,"column":3}},"136":{"start":{"line":256,"column":4},"end":{"line":256,"column":90}},"137":{"start":{"line":268,"column":2},"end":{"line":270,"column":3}},"138":{"start":{"line":269,"column":4},"end":{"line":269,"column":33}},"139":{"start":{"line":272,"column":2},"end":{"line":274,"column":4}},"140":{"start":{"line":273,"column":4},"end":{"line":273,"column":56}},"141":{"start":{"line":276,"column":2},"end":{"line":278,"column":4}},"142":{"start":{"line":277,"column":4},"end":{"line":277,"column":47}},"143":{"start":{"line":280,"column":2},"end":{"line":283,"column":4}},"144":{"start":{"line":282,"column":4},"end":{"line":282,"column":49}},"145":{"start":{"line":285,"column":2},"end":{"line":285,"column":63}},"146":{"start":{"line":286,"column":2},"end":{"line":288,"column":3}},"147":{"start":{"line":287,"column":4},"end":{"line":287,"column":45}},"148":{"start":{"line":290,"column":2},"end":{"line":290,"column":12}}},"branchMap":{"1":{"line":13,"type":"if","locations":[{"start":{"line":13,"column":2},"end":{"line":13,"column":2}},{"start":{"line":13,"column":2},"end":{"line":13,"column":2}}]},"2":{"line":25,"type":"binary-expr","locations":[{"start":{"line":25,"column":14},"end":{"line":25,"column":29}},{"start":{"line":25,"column":33},"end":{"line":25,"column":37}}]},"3":{"line":26,"type":"binary-expr","locations":[{"start":{"line":26,"column":17},"end":{"line":26,"column":35}},{"start":{"line":26,"column":39},"end":{"line":26,"column":48}}]},"4":{"line":27,"type":"binary-expr","locations":[{"start":{"line":27,"column":18},"end":{"line":27,"column":37}},{"start":{"line":27,"column":41},"end":{"line":27,"column":78}}]},"5":{"line":63,"type":"if","locations":[{"start":{"line":63,"column":4},"end":{"line":63,"column":4}},{"start":{"line":63,"column":4},"end":{"line":63,"column":4}}]},"6":{"line":73,"type":"binary-expr","locations":[{"start":{"line":73,"column":12},"end":{"line":73,"column":19}},{"start":{"line":73,"column":23},"end":{"line":73,"column":55}}]},"7":{"line":74,"type":"binary-expr","locations":[{"start":{"line":74,"column":13},"end":{"line":74,"column":21}},{"start":{"line":74,"column":25},"end":{"line":74,"column":80}}]},"8":{"line":76,"type":"binary-expr","locations":[{"start":{"line":76,"column":12},"end":{"line":76,"column":18}},{"start":{"line":76,"column":22},"end":{"line":76,"column":26}}]},"9":{"line":78,"type":"if","locations":[{"start":{"line":78,"column":2},"end":{"line":78,"column":2}},{"start":{"line":78,"column":2},"end":{"line":78,"column":2}}]},"10":{"line":81,"type":"if","locations":[{"start":{"line":81,"column":2},"end":{"line":81,"column":2}},{"start":{"line":81,"column":2},"end":{"line":81,"column":2}}]},"11":{"line":84,"type":"if","locations":[{"start":{"line":84,"column":2},"end":{"line":84,"column":2}},{"start":{"line":84,"column":2},"end":{"line":84,"column":2}}]},"12":{"line":87,"type":"if","locations":[{"start":{"line":87,"column":2},"end":{"line":87,"column":2}},{"start":{"line":87,"column":2},"end":{"line":87,"column":2}}]},"13":{"line":101,"type":"binary-expr","locations":[{"start":{"line":101,"column":18},"end":{"line":101,"column":31}},{"start":{"line":101,"column":35},"end":{"line":101,"column":48}}]},"14":{"line":102,"type":"binary-expr","locations":[{"start":{"line":102,"column":21},"end":{"line":102,"column":37}},{"start":{"line":102,"column":41},"end":{"line":102,"column":57}}]},"15":{"line":104,"type":"binary-expr","locations":[{"start":{"line":104,"column":20},"end":{"line":104,"column":35}},{"start":{"line":104,"column":39},"end":{"line":106,"column":3}}]},"16":{"line":108,"type":"if","locations":[{"start":{"line":108,"column":2},"end":{"line":108,"column":2}},{"start":{"line":108,"column":2},"end":{"line":108,"column":2}}]},"17":{"line":111,"type":"if","locations":[{"start":{"line":111,"column":2},"end":{"line":111,"column":2}},{"start":{"line":111,"column":2},"end":{"line":111,"column":2}}]},"18":{"line":114,"type":"if","locations":[{"start":{"line":114,"column":2},"end":{"line":114,"column":2}},{"start":{"line":114,"column":2},"end":{"line":114,"column":2}}]},"19":{"line":117,"type":"if","locations":[{"start":{"line":117,"column":7},"end":{"line":117,"column":7}},{"start":{"line":117,"column":7},"end":{"line":117,"column":7}}]},"20":{"line":121,"type":"if","locations":[{"start":{"line":121,"column":2},"end":{"line":121,"column":2}},{"start":{"line":121,"column":2},"end":{"line":121,"column":2}}]},"21":{"line":127,"type":"if","locations":[{"start":{"line":127,"column":4},"end":{"line":127,"column":4}},{"start":{"line":127,"column":4},"end":{"line":127,"column":4}}]},"22":{"line":132,"type":"if","locations":[{"start":{"line":132,"column":2},"end":{"line":132,"column":2}},{"start":{"line":132,"column":2},"end":{"line":132,"column":2}}]},"23":{"line":140,"type":"if","locations":[{"start":{"line":140,"column":4},"end":{"line":140,"column":4}},{"start":{"line":140,"column":4},"end":{"line":140,"column":4}}]},"24":{"line":149,"type":"if","locations":[{"start":{"line":149,"column":2},"end":{"line":149,"column":2}},{"start":{"line":149,"column":2},"end":{"line":149,"column":2}}]},"25":{"line":157,"type":"if","locations":[{"start":{"line":157,"column":4},"end":{"line":157,"column":4}},{"start":{"line":157,"column":4},"end":{"line":157,"column":4}}]},"26":{"line":161,"type":"if","locations":[{"start":{"line":161,"column":4},"end":{"line":161,"column":4}},{"start":{"line":161,"column":4},"end":{"line":161,"column":4}}]},"27":{"line":167,"type":"if","locations":[{"start":{"line":167,"column":6},"end":{"line":167,"column":6}},{"start":{"line":167,"column":6},"end":{"line":167,"column":6}}]},"28":{"line":173,"type":"if","locations":[{"start":{"line":173,"column":4},"end":{"line":173,"column":4}},{"start":{"line":173,"column":4},"end":{"line":173,"column":4}}]},"29":{"line":173,"type":"binary-expr","locations":[{"start":{"line":173,"column":8},"end":{"line":173,"column":23}},{"start":{"line":173,"column":27},"end":{"line":173,"column":54}}]},"30":{"line":177,"type":"if","locations":[{"start":{"line":177,"column":4},"end":{"line":177,"column":4}},{"start":{"line":177,"column":4},"end":{"line":177,"column":4}}]},"31":{"line":177,"type":"binary-expr","locations":[{"start":{"line":177,"column":8},"end":{"line":177,"column":22}},{"start":{"line":177,"column":26},"end":{"line":177,"column":53}}]},"32":{"line":181,"type":"if","locations":[{"start":{"line":181,"column":4},"end":{"line":181,"column":4}},{"start":{"line":181,"column":4},"end":{"line":181,"column":4}}]},"33":{"line":181,"type":"binary-expr","locations":[{"start":{"line":181,"column":8},"end":{"line":181,"column":26}},{"start":{"line":181,"column":30},"end":{"line":181,"column":60}}]},"34":{"line":185,"type":"if","locations":[{"start":{"line":185,"column":4},"end":{"line":185,"column":4}},{"start":{"line":185,"column":4},"end":{"line":185,"column":4}}]},"35":{"line":185,"type":"binary-expr","locations":[{"start":{"line":185,"column":8},"end":{"line":185,"column":28}},{"start":{"line":185,"column":32},"end":{"line":185,"column":64}}]},"36":{"line":190,"type":"binary-expr","locations":[{"start":{"line":190,"column":11},"end":{"line":190,"column":17}},{"start":{"line":190,"column":21},"end":{"line":190,"column":25}}]},"37":{"line":191,"type":"if","locations":[{"start":{"line":191,"column":2},"end":{"line":191,"column":2}},{"start":{"line":191,"column":2},"end":{"line":191,"column":2}}]},"38":{"line":194,"type":"if","locations":[{"start":{"line":194,"column":2},"end":{"line":194,"column":2}},{"start":{"line":194,"column":2},"end":{"line":194,"column":2}}]},"39":{"line":195,"type":"if","locations":[{"start":{"line":195,"column":4},"end":{"line":195,"column":4}},{"start":{"line":195,"column":4},"end":{"line":195,"column":4}}]},"40":{"line":195,"type":"binary-expr","locations":[{"start":{"line":195,"column":8},"end":{"line":195,"column":32}},{"start":{"line":195,"column":36},"end":{"line":195,"column":55}}]},"41":{"line":196,"type":"if","locations":[{"start":{"line":196,"column":6},"end":{"line":196,"column":6}},{"start":{"line":196,"column":6},"end":{"line":196,"column":6}}]},"42":{"line":200,"type":"if","locations":[{"start":{"line":200,"column":6},"end":{"line":200,"column":6}},{"start":{"line":200,"column":6},"end":{"line":200,"column":6}}]},"43":{"line":201,"type":"binary-expr","locations":[{"start":{"line":201,"column":29},"end":{"line":201,"column":47}},{"start":{"line":201,"column":51},"end":{"line":201,"column":53}}]},"44":{"line":203,"type":"if","locations":[{"start":{"line":203,"column":10},"end":{"line":203,"column":10}},{"start":{"line":203,"column":10},"end":{"line":203,"column":10}}]},"45":{"line":203,"type":"binary-expr","locations":[{"start":{"line":203,"column":16},"end":{"line":203,"column":41}},{"start":{"line":203,"column":45},"end":{"line":203,"column":53}},{"start":{"line":203,"column":57},"end":{"line":203,"column":68}}]},"46":{"line":206,"type":"if","locations":[{"start":{"line":206,"column":10},"end":{"line":206,"column":10}},{"start":{"line":206,"column":10},"end":{"line":206,"column":10}}]},"47":{"line":221,"type":"binary-expr","locations":[{"start":{"line":221,"column":81},"end":{"line":221,"column":86}},{"start":{"line":221,"column":90},"end":{"line":221,"column":104}},{"start":{"line":221,"column":108},"end":{"line":221,"column":114}}]},"48":{"line":222,"type":"binary-expr","locations":[{"start":{"line":222,"column":46},"end":{"line":222,"column":51}},{"start":{"line":222,"column":55},"end":{"line":222,"column":69}},{"start":{"line":222,"column":73},"end":{"line":222,"column":83}}]},"49":{"line":225,"type":"if","locations":[{"start":{"line":225,"column":10},"end":{"line":225,"column":10}},{"start":{"line":225,"column":10},"end":{"line":225,"column":10}}]},"50":{"line":231,"type":"binary-expr","locations":[{"start":{"line":231,"column":67},"end":{"line":231,"column":80}},{"start":{"line":231,"column":84},"end":{"line":231,"column":106}},{"start":{"line":231,"column":110},"end":{"line":231,"column":116}}]},"51":{"line":236,"type":"if","locations":[{"start":{"line":236,"column":10},"end":{"line":236,"column":10}},{"start":{"line":236,"column":10},"end":{"line":236,"column":10}}]},"52":{"line":249,"type":"binary-expr","locations":[{"start":{"line":249,"column":13},"end":{"line":249,"column":19}},{"start":{"line":249,"column":23},"end":{"line":249,"column":45}}]},"53":{"line":250,"type":"if","locations":[{"start":{"line":250,"column":4},"end":{"line":250,"column":4}},{"start":{"line":250,"column":4},"end":{"line":250,"column":4}}]},"54":{"line":255,"type":"if","locations":[{"start":{"line":255,"column":2},"end":{"line":255,"column":2}},{"start":{"line":255,"column":2},"end":{"line":255,"column":2}}]},"55":{"line":255,"type":"binary-expr","locations":[{"start":{"line":255,"column":6},"end":{"line":255,"column":26}},{"start":{"line":255,"column":30},"end":{"line":255,"column":51}}]},"56":{"line":268,"type":"if","locations":[{"start":{"line":268,"column":2},"end":{"line":268,"column":2}},{"start":{"line":268,"column":2},"end":{"line":268,"column":2}}]},"57":{"line":285,"type":"binary-expr","locations":[{"start":{"line":285,"column":18},"end":{"line":285,"column":31}},{"start":{"line":285,"column":35},"end":{"line":285,"column":62}}]},"58":{"line":286,"type":"if","locations":[{"start":{"line":286,"column":2},"end":{"line":286,"column":2}},{"start":{"line":286,"column":2},"end":{"line":286,"column":2}}]}},"code":["'use strict';","","var DAY = 24 * 60 * 60 * 1000;","//var MIN = 60 * 1000;","var ACME = require('le-acme-core').ACME;","","var LE = module.exports;","LE.LE = LE;","// in-process cache, shared between all instances","var ipc = {};","","function _log(debug) {","  if (debug) {","    var args = Array.prototype.slice.call(arguments);","    args.shift();","    args.unshift(\"[le/index.js]\");","    console.log.apply(console, args);","  }","}","","LE.defaults = {","  productionServerUrl: ACME.productionServerUrl",", stagingServerUrl: ACME.stagingServerUrl","",", rsaKeySize: ACME.rsaKeySize || 2048",", challengeType: ACME.challengeType || 'http-01'",", challengeTypes: ACME.challengeTypes || [ 'http-01', 'tls-sni-01', 'dns-01' ]","",", acmeChallengePrefix: ACME.acmeChallengePrefix","};","","// backwards compat","Object.keys(LE.defaults).forEach(function (key) {","  LE[key] = LE.defaults[key];","});","","// show all possible options","var u; // undefined","LE._undefined = {","  acme: u",", store: u",", challenge: u",", challenges: u",", sni: u",", httpsOptions: u","",", register: u",", check: u","",", renewWithin: u // le-auto-sni and core","//, renewBy: u // le-auto-sni",", acmeChallengePrefix: u",", rsaKeySize: u",", challengeType: u",", server: u",", agreeToTerms: u",", _ipc: u",", duplicate: u",", _acmeUrls: u","};","LE._undefine = function (le) {","  Object.keys(LE._undefined).forEach(function (key) {","    if (!(key in le)) {","      le[key] = u;","    }","  });","","  return le;","};","LE.create = function (le) {","  var PromiseA = require('bluebird');","","  le.acme = le.acme || ACME.create({ debug: le.debug });","  le.store = le.store || require('le-store-certbot').create({ debug: le.debug });","  le.core = require('./lib/core');","  var log = le.log || _log;","","  if (!le.challenges) {","    le.challenges = {};","  }","  if (!le.challenges['http-01']) {","    le.challenges['http-01'] = require('le-challenge-fs').create({ debug: le.debug });","  }","  if (!le.challenges['tls-sni-01']) {","    le.challenges['tls-sni-01'] = require('le-challenge-sni').create({ debug: le.debug });","  }","  if (!le.challenges['dns-01']) {","    try {","      le.challenges['dns-01'] = require('le-challenge-ddns').create({ debug: le.debug });","    } catch(e) {","      try {","        le.challenges['dns-01'] = require('le-challenge-dns').create({ debug: le.debug });","      } catch(e) {","        // not yet implemented","      }","    }","  }","","  le = LE._undefine(le);","  le.acmeChallengePrefix = LE.acmeChallengePrefix;","  le.rsaKeySize = le.rsaKeySize || LE.rsaKeySize;","  le.challengeType = le.challengeType || LE.challengeType;","  le._ipc = ipc;","  le.agreeToTerms = le.agreeToTerms || function (args, agreeCb) {","    agreeCb(new Error(\"'agreeToTerms' was not supplied to LE and 'agreeTos' was not supplied to LE.register\"));","  };","","  if (!le.renewWithin) { le.renewWithin = 7 * DAY; }","  // renewBy has a default in le-sni-auto","","  if (!le.server) {","    throw new Error(\"opts.server must be set to 'staging' or a production url, such as LE.productionServerUrl'\");","  }","  if ('staging' === le.server) {","    le.server = LE.stagingServerUrl;","  }","  else if ('production' === le.server) {","    le.server = LE.productionServerUrl;","  }","","  if (le.acme.create) {","    le.acme = le.acme.create(le);","  }","  le.acme = PromiseA.promisifyAll(le.acme);","  le._acmeOpts = le.acme.getOptions();","  Object.keys(le._acmeOpts).forEach(function (key) {","    if (!(key in le)) {","      le[key] = le._acmeOpts[key];","    }","  });","","  if (le.store.create) {","    le.store = le.store.create(le);","  }","  le.store = PromiseA.promisifyAll(le.store);","  le.store.accounts = PromiseA.promisifyAll(le.store.accounts);","  le.store.certificates = PromiseA.promisifyAll(le.store.certificates);","  le._storeOpts = le.store.getOptions();","  Object.keys(le._storeOpts).forEach(function (key) {","    if (!(key in le)) {","      le[key] = le._storeOpts[key];","    }","  });","","","  //","  // Backwards compat for <= v2.1.7","  //","  if (le.challenge) {","    console.warn(\"Deprecated use of le.challenge. Use le.challenges['\" + LE.challengeType + \"'] instead.\");","    le.challenges[le.challengeType] = le.challenge;","  }","","  LE.challengeTypes.forEach(function (challengeType) {","    var challenger = le.challenges[challengeType];","","    if (!challenger) {","      return;","    }","","    if (challenger.create) {","      challenger = le.challenges[challengeType] = challenger.create(le);","    }","    challenger = le.challenges[challengeType] = PromiseA.promisifyAll(challenger);","    le['_challengeOpts_' + challengeType] = challenger.getOptions();","    Object.keys(le['_challengeOpts_' + challengeType]).forEach(function (key) {","      if (!(key in le)) {","        le[key] = le['_challengeOpts_' + challengeType][key];","      }","    });","","    // TODO wrap these here and now with tplCopy?","    if (!challenger.set || 5 !== challenger.set.length) {","      t
[...]
{"start":{"line":38,"column":10},"end":{"line":38,"column":96}},"26":{"start":{"line":40,"column":8},"end":{"line":40,"column":15}},"27":{"start":{"line":43,"column":6},"end":{"line":43,"column":63}},"28":{"start":{"line":45,"column":6},"end":{"line":45,"column":47}},"29":{"start":{"line":46,"column":6},"end":{"line":46,"column":95}},"30":{"start":{"line":48,"column":6},"end":{"line":48,"column":58}},"31":{"start":{"line":50,"column":6},"end":{"line":50,"column":60}},"32":{"start":{"line":51,"column":6},"end":{"line":51,"column":33}},"33":{"start":{"line":55,"column":6},"end":{"line":65,"column":9}},"34":{"start":{"line":56,"column":8},"end":{"line":61,"column":9}},"35":{"start":{"line":57,"column":10},"end":{"line":57,"column":31}},"36":{"start":{"line":58,"column":10},"end":{"line":58,"column":75}},"37":{"start":{"line":59,"column":10},"end":{"line":59,"column":116}},"38":{"start":{"line":60,"column":10},"end":{"line":60,"column":17}},"39":{"start":{"line":63,"column":8},"end":{"line":63,"column":67}},"40":{"start":{"line":64,"column":8},"end":{"line":64,"column":24}}},"branchMap":{"1":{"line":6,"type":"if","locations":[{"start":{"line":6,"column":2},"end":{"line":6,"column":2}},{"start":{"line":6,"column":2},"end":{"line":6,"column":2}}]},"2":{"line":15,"type":"if","locations":[{"start":{"line":15,"column":2},"end":{"line":15,"column":2}},{"start":{"line":15,"column":2},"end":{"line":15,"column":2}}]},"3":{"line":15,"type":"binary-expr","locations":[{"start":{"line":15,"column":6},"end":{"line":15,"column":31}},{"start":{"line":15,"column":35},"end":{"line":15,"column":64}}]},"4":{"line":18,"type":"binary-expr","locations":[{"start":{"line":18,"column":12},"end":{"line":18,"column":18}},{"start":{"line":18,"column":22},"end":{"line":18,"column":26}}]},"5":{"line":22,"type":"if","locations":[{"start":{"line":22,"column":4},"end":{"line":22,"column":4}},{"start":{"line":22,"column":4},"end":{"line":22,"column":4}}]},"6":{"line":22,"type":"binary-expr","locations":[{"start":{"line":22,"column":8},"end":{"line":22,"column":12}},{"start":{"line":22,"column":16},"end":{"line":22,"column":42}}]},"7":{"line":25,"type":"binary-expr","locations":[{"start":{"line":25,"column":17},"end":{"line":25,"column":39}},{"start":{"line":25,"column":43},"end":{"line":25,"column":73}}]},"8":{"line":28,"type":"if","locations":[{"start":{"line":28,"column":6},"end":{"line":28,"column":6}},{"start":{"line":28,"column":6},"end":{"line":28,"column":6}}]},"9":{"line":30,"type":"if","locations":[{"start":{"line":30,"column":8},"end":{"line":30,"column":8}},{"start":{"line":30,"column":8},"end":{"line":30,"column":8}}]},"10":{"line":33,"type":"if","locations":[{"start":{"line":33,"column":13},"end":{"line":33,"column":13}},{"start":{"line":33,"column":13},"end":{"line":33,"column":13}}]},"11":{"line":46,"type":"binary-expr","locations":[{"start":{"line":46,"column":21},"end":{"line":46,"column":33}},{"start":{"line":46,"column":37},"end":{"line":46,"column":94}}]},"12":{"line":46,"type":"binary-expr","locations":[{"start":{"line":46,"column":38},"end":{"line":46,"column":54}},{"start":{"line":46,"column":58},"end":{"line":46,"column":60}}]},"13":{"line":56,"type":"if","locations":[{"start":{"line":56,"column":8},"end":{"line":56,"column":8}},{"start":{"line":56,"column":8},"end":{"line":56,"column":8}}]},"14":{"line":56,"type":"binary-expr","locations":[{"start":{"line":56,"column":12},"end":{"line":56,"column":15}},{"start":{"line":56,"column":19},"end":{"line":56,"column":25}}]}},"code":["'use strict';","","var utils = require('./utils');","","function _log(debug) {","  if (debug) {","    var args = Array.prototype.slice.call(arguments);","    args.shift();","    args.unshift(\"[le/lib/middleware.js]\");","    console.log.apply(console, args);","  }","}","","module.exports.create = function (le) {","  if (!le.challenges['http-01'] || !le.challenges['http-01'].get) {","    throw new Error(\"middleware requires challenge plugin with get method\");","  }","  var log = le.log || _log;","","  log(le.debug, \"created middleware\");","  return function (_app) {","    if (_app && 'function' !== typeof _app) {","      throw new Error(\"use le.middleware() or le.middleware(function (req, res) {})\");","    }","    var prefix = le.acmeChallengePrefix || '/.well-known/acme-challenge/';","","    return function (req, res, next) {","      if (0 !== req.url.indexOf(prefix)) {","        log(le.debug, \"no match, skipping middleware\");","        if ('function' === typeof _app) {","          _app(req, res, next);","        }","        else if ('function' === typeof next) {","          next();","        }","        else {","          res.statusCode = 500;","          res.end(\"[500] Developer Error: app.use('/', le.middleware()) or le.middleware(app)\");","        }","        return;","      }","","      log(le.debug, \"this must be tinder, 'cuz it's a match!\");","","      var token = req.url.slice(prefix.length);","      var hostname = req.hostname || (req.headers.host || '').toLowerCase().replace(/:.*/, '');","","      log(le.debug, \"hostname\", hostname, \"token\", token);","","      var copy = utils.merge({ domains: [ hostname ] }, le);","      copy = utils.tplCopy(copy);","","      // TODO tpl copy?","      // TODO need to restore challengeType","      le.challenges['http-01'].get(copy, hostname, token, function (err, secret) {","        if (err || !token) {","          res.statusCode = 404;","          res.setHeader('Content-Type', 'application/json; charset=utf-8');","          res.end('{ \"error\": { \"message\": \"Error: These aren\\'t the tokens you\\'re looking for. Move along.\" } }');","          return;","        }","","        res.setHeader('Content-Type', 'text/plain; charset=utf-8');","        res.end(secret);","      });","    };","  };","};",""],"l":{"3":1,"5":1,"6":0,"7":0,"8":0,"9":0,"10":0,"14":1,"15":0,"16":0,"18":0,"20":0,"21":0,"22":0,"23":0,"25":0,"27":0,"28":0,"29":0,"30":0,"31":0,"33":0,"34":0,"37":0,"38":0,"40":0,"43":0,"45":0,"46":0,"48":0,"50":0,"51":0,"55":0,"56":0,"57":0,"58":0,"59":0,"60":0,"63":0,"64":0}},"/home/travis/build/npmtest/node-npmtest-letsencrypt/node_modules/letsencrypt/lib/utils.js":{"path":"/home/travis/build/npmtest/node-npmtest-letsencrypt/node_modules/letsencrypt/lib/utils.js","s":{"1":1,"2":1,"3":1,"4":1,"5":1,"6":1,"7":1,"8":0,"9":0,"10":0,"11":0,"12":0,"13":1,"14":0,"15":0,"16":0,"17":0,"18":0,"19":0,"20":1,"21":0,"22":0,"23":0,"24":0,"25":0,"26":0,"27":0,"28":0,"29":0,"30":1,"31":0,"32":0,"33":0,"34":0,"35":0,"36":0,"37":0,"38":0,"39":0,"40":0,"41":0,"42":0,"43":0,"44":0,"45":0,"46":0,"47":0,"48":0,"49":0,"50":0,"51":0,"52":0,"53":0,"54":0,"55":0,"56":1,"57":0,"58":0,"59":0,"60":0,"61":0,"62":0,"63":0,"64":0,"65":0,"66":0,"67":0,"68":0,"69":0,"70":0},"b":{"1":[0,0],"2":[0,0],"3":[0,0],"4":[0,0],"5":[0,0],"6":[0,0],"7":[0,0],"8":[0,0],"9":[0,0],"10":[0,0],"11":[0,0],"12":[0,0,0],"13":[0,0],"14":[0,0]},"f":{"1":0,"2":0,"3":0,"4":0,"5":0,"6":0,"7":0,"8":0,"9":0,"10":0,"11":0,"12":0,"13":0,"14":0,"15":0,"16":0,"17":0},"fnMap":{"1":{"name":"(anonymous_1)","line":10,"loc":{"start":{"line":10,"column":32},"end":{"line":10,"column":51}}},"2":{"name":"(anonymous_2)","line":16,"loc":{"start":{"line":16,"column":32},"end":{"line":16,"column":47}}},"3":{"name":"(anonymous_3)","line":23,"loc":{"start":{"line":23,"column":31},"end":{"line":23,"column":49}}},"4":{"name":"(anonymous_4)","line":37,"loc":{"start":{"line":37,"column":23},"end":{"line":37,"column":53}}},"5":{"name":"(anonymous_5)","line":42,"loc":{"start":{"line":42,"column":22},"end":{"line":42,"column":42}}},"6":{"name":"(anonymous_6)","line":43,"loc":{"start":{"line":43,"column":34},"end":{"line":43,"column":49}}},"7":{"name":"(anonymous_7)","line":48,"loc":{"start":{"line":48,"column":28},"end":{"line":48,"column":43}}},"8":{"name":"(anonymous_8)","line":55,"loc":{"start":{"line":55,"column":25},"end":{"line":55,"column":41}}},"9":{"name":"(anonymous_9)","line":59,"loc":{"start":{"line":59,"column":21},"end":{"line":59,"column":37}}},"10":{"name":"(anonymous_10)","line":63,"loc":{"start":{"line":63,"column":28},"end":{"line":63,"column":43}}},"11":{"name":"(anonymous_11)","line":74,"loc":{"start":{"line":74,"column":15},"end":{"line":74,"column":31}}},"12":{"name":"(anonymous_12)","line":78,"loc":{"start":{"line":78,"column":18},"end":{"line":78,"column":33}}},"13":{"name":"(anonymous_13)","line":86,"loc":{"start":{"line":86,"column":18},"end":{"line":86,"column":33}}},"14":{"name":"(anonymous_14)","line":91,"loc":{"start":{"line":91,"column":20},"end":{"line":91,"column":39}}},"15":{"name":"(anonymous_15)","line":103,"loc":{"start":{"line":103,"column":27},"end":{"line":103,"column":44}}},"16":{"name":"(anonymous_16)","line":113,"loc":{"start":{"line":113,"column":43},"end":{"line":113,"column":62}}},"17":{"name":"(anonymous_17)","line":119,"loc":{"start":{"line":119,"column":5},"end":{"line":119,"column":20}}}},"statementMap":{"1":{"start":{"line":3,"column":0},"end":{"line":3,"column":27}},"2":{"start":{"line":4,"column":0},"end":{"line":4,"column":58}},"3":{"start":{"line":5,"column":0},"end":{"line":5,"column":30}},"4":{"start":{"line":6,"column":0},"end":{"line":6,"column":35}},"5":{"start":{"line":7,"column":0},"end":{"line":7,"column":35}},"6":{"start":{"line":8,"column":0},"end":{"line":8,"column":48}},"7":{"start":{"line":10,"column":0},"end":{"line":21,"column":2}},"8":{"start":{"line":12,"column":2},"end":{"line":12,"column":44}},"9":{"start":{"line":13,"column":2},"end":{"line":13,"column":43}},"10":{"start":{"line":16,"column":2},"end":{"line":18,"column":5}},"11":{"start":{"line":17,"column":4},"end":{"line":17,"column":33}},"12":{"start":{"line":20,"column":2},"end":{"line":20,"column":17}},"13":{"start":{"line":23,"column":0},"end":{"line":35,"column":2}},"14":{"start":{"line":24,"column":2},"end":{"line":26,"column":3}},"15":{"start":{"line":25,"column":4},"end":{"line":25,"column":18}},"16":{"start":{"line":28,"column":2},"end":{"line":28,"column":36}},"17":{"start":{"line":30,"column":2},"end":{"line":32,"column":3}},"18":{"start":{"line":31,"column":4},"end":{"line":31,"column":18}},"19":{"start":{"line":34,"column":2},"end":{"line":34,"column":12}},"20":{"start":{"line":37,"column":0},"end":{"line":53,"column":2}},"21":{"start":{"line":38,"column":2},"end":{"line":38,"column":59}},"22":{"start":{"line":39,"column":2},"end":{"line":39,"column":33}},"23":{"start":{"line":40,"column":2},"end":{"line":40,"column":16}},"24":{"start":{"line":42,"column":2},"end":{"line":46,"column":5}},"25":{"start":{"line":43,"column":4},"end":{"line":45,"column":7}},"26":{"start":{"line":44,"column":6},"end":{"line":44,"column":32}},"27":{"start":{"line":48,"column":2},"end":{"line":50,"column":5}},"28":{"start":{"line":49,"column":4},"end":{"line":49,"column":26}},"29":{"start":{"line":52,"column":2},"end":{"line":52,"column":14}},"30":{"start":{"line":55,"column":0},"end":{"line":101,"column":2}},"31":{"start":{"line":56,"column":2},"end":{"line":56,"column":37}},"32":{"start":{"line":57,"column":2},"end":{"line":57,"column":14}},"33":{"start":{"line":59,"column":2},"end":{"line":61,"column":4}},"34":{"start":{"line":60,"column":4},"end":{"line":60,"column":50}},"35":{"start":{"line":63,"column":2},"end":{"line":71,"column":5}},"36":{"start":{"line":64,"column":4},"end":{"line":64,"column":16}},"37":{"start":{"line":65,"column":4},"end":{"line":67,"column":5}},"38":{"start":{"line":66,"column":6},"end":{"line":66,"column":13}},"39":{"start":{"line":69,"column":4},"end":{"line":69,"column":38}},"40":{"start":{"line":70,"column":4},"end":{"line":70,"column":53}},"41":{"start":{"line":73,"column":2},"end":{"line":73,"column":30}},"42":{"start":{"line":74,"column":2},"end":{"line":76,"column":5}},"43":{"start":{"line":75,"column":4},"end":{"line":75,"column":31}},"44":{"start":{"line":78,"column":2},"end":{"line":84,"column":5}},"45":{"start":{"line":79,"column":4},"end":{"line":81,"column":5}},"46":{"start":{"line":80,"column":6},"end":{"line":80,"column":13}},"47":{"start":{"line":83,"column":4},"end":{"line":83,"column":62}},"48":{"start":{"line":86,"column":2},"end":{"line":98,"column":5}},"49":{"start":{"line":87,"column":4},"end":{"line":89,"column":5}},"50":{"start":{"line":88,"column":6},"end":{"line":88,"column":13}},"51":{"start":{"line":91,"column":4},"end":{"line":97,"column":7}},"52":{"start":{"line":92,"column":6},"end":{"line":95,"column":7}},"53":{"start":{"line":94,"column":8},"end":{"line":94,"column":15}},"54":{"start":{"line":96,"column":6},"end":{"line":96,"column":66}},"55":{"start":{"line":100,"column":2},"end":{"line":100,"column":14}},"56":{"start":{"line":103,"column":0},"end":{"line":126,"column":2}},"57":{"start":{"line":104,"column":2},"end":{"line":104,"column":37}},"58":{"start":{"line":105,"column":2},"end":{"line":105,"column":10}},"59":{"start":{"line":107,"column":2},"end":{"line":111,"column":3}},"60":{"start":{"line":108,"column":4},"end":{"line":108,"column":63}},"61":{"start":{"line":109,"column":4},"end":{"line":109,"column":25}},"62":{"start":{"line":110,"column":4},"end":{"line":110,"column":32}},"63":{"start":{"line":113,"column":2},"end":{"line":125,"column":5}},"64":{"start":{"line":115,"column":4},"end":{"line":117,"column":5}},"65":{"start":{"line":116,"column":6},"end":{"line":116,"column":80}},"66":{"start":{"line":118,"column":4},"end":{"line":118,"column":17}},"67":{"start":{"line":120,"column":4},"end":{"line":124,"column":5}},"68":{"start":{"line":121,"column":6},"end":{"line":121,"column":68}},"69":{"start":{"line":122,"column":6},"end":{"line":122,"column":27}},"70":{"start":{"line":123,"column":6},"end":{"line":123,"column":34}}},"branchMap":{"1":{"line":24,"type":"if","locations":[{"start":{"line":24,"column":2},"end":{"line":24,"column":2}},{"start":{"line":24,"column":2},"end":{"line":24,"column":2}}]},"2":{"line":30,"type":"if","locations":[{"start":{"line":30,"column":2},"end":{"line":30,"column":2}},{"start":{"line":30,"column":2},"end":{"line":30,"column":2}}]},"3":{"line":60,"type":"binary-expr","locations":[{"start":{"line":60,"column":11},"end":{"line":60,"column":34}},{"start":{"line":60,"column":38},"end":{"line":60,"column":49}}]},"4":{"line":60,"type":"binary-expr","locations":[{"start":{"line":60,"column":12},"end":{"line":60,"column":24}},{"start":{"line":60,"column":28},"end":{"line":60,"column":30}}]},"5":{"line":65,"type":"if","locations":[{"start":{"line":65,"column":4},"end":{"line":65,"column":4}},{"start":{"line":65,"column":4},"end":{"line":65,"column":4}}]},"6":{"line":70,"type":"binary-expr","locations":[{"start":{"line":70,"column":20},"end":{"line":70,"column":33}},{"start":{"line":70,"column":37},"end":{"line":70,"column":52}}]},"7":{"line":79,"type":"if","locations":[{"start":{"line":79,"column":4},"end":{"line":79,"column":4}},{"start":{"line":79,"column":4},"end":{"line":79,"column":4}}]},"8":{"line":87,"type":"if","locations":[{"start":{"line":87,"column":4},"end":{"line":87,"column":4}},{"start":{"line":87,"column":4},"end":{"line":87,"column":4}}]},"9":{"line":92,"type":"if","locations":[{"start":{"line":92,"column":6},"end":{"line":92,"column":6}},{"start":{"line":92,"column":6},"end":{"line":92,"column":6}}]},"10":{"line":104,"type":"binary-expr","locations":[{"start":{"line":104,"column":15},"end":{"line":104,"column":20}},{"start":{"line":104,"column":22},"end":{"line":104,"column":24}}]},"11":{"line":107,"type":"if","locations":[{"start":{"line":107,"column":2},"end":{"line":107,"column":2}},{"start":{"line":107,"column":2},"end":{"line":107,"column":2}}]},"12":{"line":107,"type":"binary-expr","locations":[{"start":{"line":107,"column":6},"end":{"line":107,"column":24}},{"start":{"line":107,"column":28},"end":{"line":107,"column":37}},{"start":{"line":107,"column":41},"end":{"line":107,"column":50}}]},"13":{"line":115,"type":"if","locations":[{"start":{"line":115,"column":4},"end":{"line":115,"column":4}},{"start":{"line":115,"column":4},"end":{"line":115,"column":4}}]},"14":{"line":120,"type":"if","locations":[{"start":{"line":120,"column":4},"end":{"line":120,"column":4}},{"start":{"line":120,"column":4},"end":{"line":120,"column":4}}]}},"code":["'use strict';","","var path = require('path');","var homeRe = new RegExp(\"^~(\\\\/|\\\\\\|\\\\\" + path.sep + \")\");","var re = /^[a-zA-Z0-9\\.\\-]+$/;","var punycode = require('punycode');","var PromiseA = require('bluebird');","var dns = PromiseA.promisifyAll(require('dns'));","","module.exports.attachCertInfo = function (results) {","  // XXX Note: Parsing the certificate info comes at a great cost (~500kb)","  var getCertInfo = require('certpem').info;","  var certInfo = getCertInfo(results.cert);","","  // subject, altnames, issuedAt, expiresAt","  Object.keys(certInfo).forEach(function (key) {","    results[key] = certInfo[key];","  });","","  return results;","};","","module.exports.isValidDomain = function (domain) {","  if (re.test(domain)) {","    return domain;","  }","","  domain = punycode.toASCII(domain);","","  if (re.test(domain)) {","    return domain;","  }","","  return '';","};","","module.exports.merge = function (/*defaults, args*/) {","  var allDefaults = Array.prototype.slice.apply(arguments);","  var args = allDefaults.shift();","  var copy = {};","","  allDefaults.forEach(function (defaults) {","    Object.keys(defaults).forEach(function (key) {","      copy[key] = defaults[key];","    });","  });","","  Object.keys(args).forEach(function (key) {","    copy[key] = args[key];","  });","","  return copy;","};","","module.exports.tplCopy = function (copy) {","  var homedir = require('homedir')();","  var tplKeys;","","  copy.hostnameGet = function (copy) {","    return (copy.domains || [])[0] || copy.domain;","  };","","  Object.keys(copy).forEach(function (key) {","    var newName;","    if (!/Get$/.test(key)) {","      return;","    }","","    newName = key.replace(/Get$/, '');","    copy[newName] = copy[newName] || copy[key](copy);","  });","","  tplKeys = Object.keys(copy);","  tplKeys.sort(function (a, b) {","    return b.length - a.length;","  });","","  tplKeys.forEach(function (key) {","    if ('string' !== typeof copy[key]) {","      return;","    }","","    copy[key] = copy[key].replace(homeRe, homedir + path.sep);","  });","","  tplKeys.forEach(function (key) {","    if ('string' !== typeof copy[key]) {","      return;","    }","","    tplKeys.forEach(function (tplname) {","      if (!copy[tplname]) {","        // what can't be templated now may be templatable later","        return;","      }","      copy[key] = copy[key].replace(':' + tplname, copy[tplname]);","    });","  });","","  return copy;","};","","module.exports.testEmail = function (email) {","  var parts = (email||'').split('@');","  var err;","","  if (2 !== parts.length || !parts[0] || !parts[1]) {","    err = new Error(\"malformed email address '\" + email + \"'\");","    err.code = 'E_EMAIL';","    return PromiseA.reject(err);","  }","","  return dns.resolveMxAsync(parts[1]).then(function (records) {","    // records only returns when there is data","    if (!records.length) {","      throw new Error(\"sanity check fail: success, but no MX records returned\");","    }","    return email;","  }, function (err) {","    if ('ENODATA' === err.code) {","      err = new Error(\"no MX records found for '\" + parts[1] + \"'\");","      err.code = 'E_EMAIL';","      return PromiseA.reject(err);","    }","  });","};",""],"l":{"3":1,"4":1,"5":1,"6":1,"7":1,"8":1,"10":1,"12":0,"13":0,"16":0,"17":0,"20":0,"23":1,"24":0,"25":0,"28":0,"30":0,"31":0,"34":0,"37":1,"38":0,"39":0,"40":0,"42":0,"43":0,"44":0,"48":0,"49":0,"52":0,"55":1,"56":0,"57":0,"59":0,"60":0,"63":0,"64":0,"65":0,"66":0,"69":0,"70":0,"73":0,"74":0,"75":0,"78":0,"79":0,"80":0,"83":0,"86":0,"87":0,"88":0,"91":0,"92":0,"94":0,"96":0,"100":0,"103":1,"104":0,"105":0,"107":0,"108":0,"109":0,"110":0,"113":0,"115":0,"116":0,"118":0,"120":0,"121":0,"122":0,"123":0}}}